---------------------------------------------------------------
[ 2017-07-09T17:30:00+08:00 ] 127.0.0.1 127.0.0.1 GET /frontend/ali_pay/show.html
[ info ] test.thinkphp5-line.com/frontend/ali_pay/show.html [运行时间：0.050428s][吞吐率：19.83req/s] [内存消耗：3,816.87kb] [文件加载：67]
[ info ] [ LANG ] D:\wamp64\www\thinkphp5-study-line\thinkphp\lang\zh-cn.php
[ info ] [ ROUTE ] array (
  'type' => 'module',
  'module' => 
  array (
    0 => 'frontend',
    1 => 'ali_pay',
    2 => 'show',
  ),
)
[ info ] [ HEADER ] array (
  'host' => 'test.thinkphp5-line.com',
  'user-agent' => 'Mozilla/5.0 (Windows NT 10.0; Win64; x64) AppleWebKit/537.36 (KHTML, like Gecko) Chrome/59.0.3071.115 Safari/537.36',
  'accept' => 'text/html,application/xhtml+xml,application/xml;q=0.9,image/webp,image/apng,*/*;q=0.8',
  'accept-encoding' => 'gzip, deflate',
  'accept-language' => 'zh-CN,zh;q=0.8,en-GB;q=0.6,en;q=0.4',
  'cache-control' => 'max-age=0',
  'cookie' => 'PHPSESSID=u8cqtsgr0oo9oat39453unk6r0',
  'proxy-connection' => 'keep-alive',
  'referer' => 'http://test.thinkphp5-line.com/backend/entry/index.html',
  'socketlog' => 'SocketLog(tabid=106&client_id=slog_b57a16)',
  'upgrade-insecure-requests' => '1',
)
[ info ] [ PARAM ] array (
)
[ info ] [ RUN ] app\frontend\controller\AliPay->show[ D:\wamp64\www\thinkphp5-study-line\application\frontend\controller\AliPay.php ]
[ info ] [ DB ] INIT mysql
[ info ] [ VIEW ] D:\wamp64\www\thinkphp5-study-line\public/../application/frontend\view\ali_pay\index.html [ array (
  0 => 'info',
) ]
[ info ] [ LOG ] INIT File
[ sql ] [ DB ] CONNECT:[ UseTime:0.001206s ] mysql:dbname=thinkphp5;host=127.0.0.1;charset=utf8
[ sql ] [ SQL ] SHOW COLUMNS FROM `ali_pay` [ RunTime:0.001114s ]
[ sql ] [ SQL ] SELECT * FROM `ali_pay` WHERE  `id` = 3 LIMIT 1 [ RunTime:0.000470s ]
---------------------------------------------------------------
[ 2017-07-09T17:30:01+08:00 ] 127.0.0.1 127.0.0.1 GET /frontend/ali_pay/show.html
[ info ] test.thinkphp5-line.com/frontend/ali_pay/show.html [运行时间：0.040707s][吞吐率：24.57req/s] [内存消耗：3,628.14kb] [文件加载：65]
[ info ] [ LANG ] D:\wamp64\www\thinkphp5-study-line\thinkphp\lang\zh-cn.php
[ info ] [ ROUTE ] array (
  'type' => 'module',
  'module' => 
  array (
    0 => 'frontend',
    1 => 'ali_pay',
    2 => 'show',
  ),
)
[ info ] [ HEADER ] array (
  'host' => 'test.thinkphp5-line.com',
  'user-agent' => 'Mozilla/5.0 (Windows NT 10.0; Win64; x64) AppleWebKit/537.36 (KHTML, like Gecko) Chrome/59.0.3071.115 Safari/537.36',
  'accept' => 'text/html,application/xhtml+xml,application/xml;q=0.9,image/webp,image/apng,*/*;q=0.8',
  'accept-encoding' => 'gzip, deflate',
  'accept-language' => 'zh-CN,zh;q=0.8,en-GB;q=0.6,en;q=0.4',
  'cache-control' => 'max-age=0',
  'cookie' => 'PHPSESSID=u8cqtsgr0oo9oat39453unk6r0',
  'proxy-connection' => 'keep-alive',
  'referer' => 'http://test.thinkphp5-line.com/backend/entry/index.html',
  'socketlog' => 'SocketLog(tabid=106&client_id=slog_b57a16)',
  'upgrade-insecure-requests' => '1',
)
[ info ] [ PARAM ] array (
)
[ info ] [ RUN ] app\frontend\controller\AliPay->show[ D:\wamp64\www\thinkphp5-study-line\application\frontend\controller\AliPay.php ]
[ info ] [ DB ] INIT mysql
[ info ] [ VIEW ] D:\wamp64\www\thinkphp5-study-line\public/../application/frontend\view\ali_pay\index.html [ array (
  0 => 'info',
) ]
[ info ] [ LOG ] INIT File
[ sql ] [ DB ] CONNECT:[ UseTime:0.000954s ] mysql:dbname=thinkphp5;host=127.0.0.1;charset=utf8
[ sql ] [ SQL ] SHOW COLUMNS FROM `ali_pay` [ RunTime:0.001298s ]
[ sql ] [ SQL ] SELECT * FROM `ali_pay` WHERE  `id` = 3 LIMIT 1 [ RunTime:0.000633s ]
---------------------------------------------------------------
[ 2017-07-09T17:30:01+08:00 ] 127.0.0.1 127.0.0.1 GET /frontend/ali_pay/show.html
[ info ] test.thinkphp5-line.com/frontend/ali_pay/show.html [运行时间：0.034174s][吞吐率：29.26req/s] [内存消耗：3,628.14kb] [文件加载：65]
[ info ] [ LANG ] D:\wamp64\www\thinkphp5-study-line\thinkphp\lang\zh-cn.php
[ info ] [ ROUTE ] array (
  'type' => 'module',
  'module' => 
  array (
    0 => 'frontend',
    1 => 'ali_pay',
    2 => 'show',
  ),
)
[ info ] [ HEADER ] array (
  'host' => 'test.thinkphp5-line.com',
  'user-agent' => 'Mozilla/5.0 (Windows NT 10.0; Win64; x64) AppleWebKit/537.36 (KHTML, like Gecko) Chrome/59.0.3071.115 Safari/537.36',
  'accept' => 'text/html,application/xhtml+xml,application/xml;q=0.9,image/webp,image/apng,*/*;q=0.8',
  'accept-encoding' => 'gzip, deflate',
  'accept-language' => 'zh-CN,zh;q=0.8,en-GB;q=0.6,en;q=0.4',
  'cache-control' => 'max-age=0',
  'cookie' => 'PHPSESSID=u8cqtsgr0oo9oat39453unk6r0',
  'proxy-connection' => 'keep-alive',
  'referer' => 'http://test.thinkphp5-line.com/backend/entry/index.html',
  'socketlog' => 'SocketLog(tabid=106&client_id=slog_b57a16)',
  'upgrade-insecure-requests' => '1',
)
[ info ] [ PARAM ] array (
)
[ info ] [ RUN ] app\frontend\controller\AliPay->show[ D:\wamp64\www\thinkphp5-study-line\application\frontend\controller\AliPay.php ]
[ info ] [ DB ] INIT mysql
[ info ] [ VIEW ] D:\wamp64\www\thinkphp5-study-line\public/../application/frontend\view\ali_pay\index.html [ array (
  0 => 'info',
) ]
[ info ] [ LOG ] INIT File
[ sql ] [ DB ] CONNECT:[ UseTime:0.000835s ] mysql:dbname=thinkphp5;host=127.0.0.1;charset=utf8
[ sql ] [ SQL ] SHOW COLUMNS FROM `ali_pay` [ RunTime:0.001300s ]
[ sql ] [ SQL ] SELECT * FROM `ali_pay` WHERE  `id` = 3 LIMIT 1 [ RunTime:0.000304s ]
---------------------------------------------------------------
[ 2017-07-09T17:30:02+08:00 ] 127.0.0.1 127.0.0.1 GET /frontend/ali_pay/show.html
[ info ] test.thinkphp5-line.com/frontend/ali_pay/show.html [运行时间：0.036488s][吞吐率：27.41req/s] [内存消耗：3,628.14kb] [文件加载：65]
[ info ] [ LANG ] D:\wamp64\www\thinkphp5-study-line\thinkphp\lang\zh-cn.php
[ info ] [ ROUTE ] array (
  'type' => 'module',
  'module' => 
  array (
    0 => 'frontend',
    1 => 'ali_pay',
    2 => 'show',
  ),
)
[ info ] [ HEADER ] array (
  'host' => 'test.thinkphp5-line.com',
  'user-agent' => 'Mozilla/5.0 (Windows NT 10.0; Win64; x64) AppleWebKit/537.36 (KHTML, like Gecko) Chrome/59.0.3071.115 Safari/537.36',
  'accept' => 'text/html,application/xhtml+xml,application/xml;q=0.9,image/webp,image/apng,*/*;q=0.8',
  'accept-encoding' => 'gzip, deflate',
  'accept-language' => 'zh-CN,zh;q=0.8,en-GB;q=0.6,en;q=0.4',
  'cache-control' => 'max-age=0',
  'cookie' => 'PHPSESSID=u8cqtsgr0oo9oat39453unk6r0',
  'proxy-connection' => 'keep-alive',
  'referer' => 'http://test.thinkphp5-line.com/backend/entry/index.html',
  'socketlog' => 'SocketLog(tabid=106&client_id=slog_b57a16)',
  'upgrade-insecure-requests' => '1',
)
[ info ] [ PARAM ] array (
)
[ info ] [ RUN ] app\frontend\controller\AliPay->show[ D:\wamp64\www\thinkphp5-study-line\application\frontend\controller\AliPay.php ]
[ info ] [ DB ] INIT mysql
[ info ] [ VIEW ] D:\wamp64\www\thinkphp5-study-line\public/../application/frontend\view\ali_pay\index.html [ array (
  0 => 'info',
) ]
[ info ] [ LOG ] INIT File
[ sql ] [ DB ] CONNECT:[ UseTime:0.000957s ] mysql:dbname=thinkphp5;host=127.0.0.1;charset=utf8
[ sql ] [ SQL ] SHOW COLUMNS FROM `ali_pay` [ RunTime:0.000966s ]
[ sql ] [ SQL ] SELECT * FROM `ali_pay` WHERE  `id` = 3 LIMIT 1 [ RunTime:0.000424s ]
---------------------------------------------------------------
[ 2017-07-09T17:30:03+08:00 ] 127.0.0.1 127.0.0.1 GET /frontend/ali_pay/show.html
[ info ] test.thinkphp5-line.com/frontend/ali_pay/show.html [运行时间：0.049203s][吞吐率：20.32req/s] [内存消耗：3,628.21kb] [文件加载：65]
[ info ] [ LANG ] D:\wamp64\www\thinkphp5-study-line\thinkphp\lang\zh-cn.php
[ info ] [ ROUTE ] array (
  'type' => 'module',
  'module' => 
  array (
    0 => 'frontend',
    1 => 'ali_pay',
    2 => 'show',
  ),
)
[ info ] [ HEADER ] array (
  'host' => 'test.thinkphp5-line.com',
  'user-agent' => 'Mozilla/5.0 (Windows NT 10.0; Win64; x64) AppleWebKit/537.36 (KHTML, like Gecko) Chrome/59.0.3071.115 Safari/537.36',
  'accept' => 'text/html,application/xhtml+xml,application/xml;q=0.9,image/webp,image/apng,*/*;q=0.8',
  'accept-encoding' => 'gzip, deflate',
  'accept-language' => 'zh-CN,zh;q=0.8,en-GB;q=0.6,en;q=0.4',
  'cache-control' => 'no-cache',
  'cookie' => 'PHPSESSID=u8cqtsgr0oo9oat39453unk6r0',
  'pragma' => 'no-cache',
  'proxy-connection' => 'keep-alive',
  'referer' => 'http://test.thinkphp5-line.com/backend/entry/index.html',
  'socketlog' => 'SocketLog(tabid=106&client_id=slog_b57a16)',
  'upgrade-insecure-requests' => '1',
)
[ info ] [ PARAM ] array (
)
[ info ] [ RUN ] app\frontend\controller\AliPay->show[ D:\wamp64\www\thinkphp5-study-line\application\frontend\controller\AliPay.php ]
[ info ] [ DB ] INIT mysql
[ info ] [ VIEW ] D:\wamp64\www\thinkphp5-study-line\public/../application/frontend\view\ali_pay\index.html [ array (
  0 => 'info',
) ]
[ info ] [ LOG ] INIT File
[ sql ] [ DB ] CONNECT:[ UseTime:0.010436s ] mysql:dbname=thinkphp5;host=127.0.0.1;charset=utf8
[ sql ] [ SQL ] SHOW COLUMNS FROM `ali_pay` [ RunTime:0.000767s ]
[ sql ] [ SQL ] SELECT * FROM `ali_pay` WHERE  `id` = 3 LIMIT 1 [ RunTime:0.000300s ]
---------------------------------------------------------------
[ 2017-07-09T17:30:34+08:00 ] 127.0.0.1 127.0.0.1 GET /frontend/ali_pay/show.html
[ info ] test.thinkphp5-line.com/frontend/ali_pay/show.html [运行时间：0.042599s][吞吐率：23.47req/s] [内存消耗：3,628.83kb] [文件加载：65]
[ info ] [ LANG ] D:\wamp64\www\thinkphp5-study-line\thinkphp\lang\zh-cn.php
[ info ] [ ROUTE ] array (
  'type' => 'module',
  'module' => 
  array (
    0 => 'frontend',
    1 => 'ali_pay',
    2 => 'show',
  ),
)
[ info ] [ HEADER ] array (
  'host' => 'test.thinkphp5-line.com',
  'user-agent' => 'Mozilla/5.0 (Windows NT 10.0; Win64; x64) AppleWebKit/537.36 (KHTML, like Gecko) Chrome/59.0.3071.115 Safari/537.36',
  'accept' => 'text/html,application/xhtml+xml,application/xml;q=0.9,image/webp,image/apng,*/*;q=0.8',
  'accept-encoding' => 'gzip, deflate',
  'accept-language' => 'zh-CN,zh;q=0.8,en-GB;q=0.6,en;q=0.4',
  'cache-control' => 'max-age=0',
  'cookie' => 'PHPSESSID=u8cqtsgr0oo9oat39453unk6r0',
  'proxy-connection' => 'keep-alive',
  'referer' => 'http://test.thinkphp5-line.com/backend/entry/index.html',
  'socketlog' => 'SocketLog(tabid=106&client_id=slog_b57a16)',
  'upgrade-insecure-requests' => '1',
)
[ info ] [ PARAM ] array (
)
[ info ] [ RUN ] app\frontend\controller\AliPay->show[ D:\wamp64\www\thinkphp5-study-line\application\frontend\controller\AliPay.php ]
[ info ] [ DB ] INIT mysql
[ info ] [ VIEW ] D:\wamp64\www\thinkphp5-study-line\public/../application/frontend\view\ali_pay\index.html [ array (
  0 => 'info',
) ]
[ info ] [ LOG ] INIT File
[ sql ] [ DB ] CONNECT:[ UseTime:0.001101s ] mysql:dbname=thinkphp5;host=127.0.0.1;charset=utf8
[ sql ] [ SQL ] SHOW COLUMNS FROM `ali_pay` [ RunTime:0.000971s ]
[ sql ] [ SQL ] SELECT * FROM `ali_pay` WHERE  `id` = 3 LIMIT 1 [ RunTime:0.000434s ]
---------------------------------------------------------------
[ 2017-07-09T17:30:35+08:00 ] 127.0.0.1 127.0.0.1 GET /frontend/ali_pay/show.html
[ info ] test.thinkphp5-line.com/frontend/ali_pay/show.html [运行时间：0.045254s][吞吐率：22.10req/s] [内存消耗：3,628.83kb] [文件加载：65]
[ info ] [ LANG ] D:\wamp64\www\thinkphp5-study-line\thinkphp\lang\zh-cn.php
[ info ] [ ROUTE ] array (
  'type' => 'module',
  'module' => 
  array (
    0 => 'frontend',
    1 => 'ali_pay',
    2 => 'show',
  ),
)
[ info ] [ HEADER ] array (
  'host' => 'test.thinkphp5-line.com',
  'user-agent' => 'Mozilla/5.0 (Windows NT 10.0; Win64; x64) AppleWebKit/537.36 (KHTML, like Gecko) Chrome/59.0.3071.115 Safari/537.36',
  'accept' => 'text/html,application/xhtml+xml,application/xml;q=0.9,image/webp,image/apng,*/*;q=0.8',
  'accept-encoding' => 'gzip, deflate',
  'accept-language' => 'zh-CN,zh;q=0.8,en-GB;q=0.6,en;q=0.4',
  'cache-control' => 'max-age=0',
  'cookie' => 'PHPSESSID=u8cqtsgr0oo9oat39453unk6r0',
  'proxy-connection' => 'keep-alive',
  'referer' => 'http://test.thinkphp5-line.com/backend/entry/index.html',
  'socketlog' => 'SocketLog(tabid=106&client_id=slog_b57a16)',
  'upgrade-insecure-requests' => '1',
)
[ info ] [ PARAM ] array (
)
[ info ] [ RUN ] app\frontend\controller\AliPay->show[ D:\wamp64\www\thinkphp5-study-line\application\frontend\controller\AliPay.php ]
[ info ] [ DB ] INIT mysql
[ info ] [ VIEW ] D:\wamp64\www\thinkphp5-study-line\public/../application/frontend\view\ali_pay\index.html [ array (
  0 => 'info',
) ]
[ info ] [ LOG ] INIT File
[ sql ] [ DB ] CONNECT:[ UseTime:0.011030s ] mysql:dbname=thinkphp5;host=127.0.0.1;charset=utf8
[ sql ] [ SQL ] SHOW COLUMNS FROM `ali_pay` [ RunTime:0.000825s ]
[ sql ] [ SQL ] SELECT * FROM `ali_pay` WHERE  `id` = 3 LIMIT 1 [ RunTime:0.000278s ]
---------------------------------------------------------------
[ 2017-07-09T17:30:35+08:00 ] 127.0.0.1 127.0.0.1 GET /frontend/ali_pay/show.html
[ info ] test.thinkphp5-line.com/frontend/ali_pay/show.html [运行时间：0.048390s][吞吐率：20.67req/s] [内存消耗：3,628.83kb] [文件加载：65]
[ info ] [ LANG ] D:\wamp64\www\thinkphp5-study-line\thinkphp\lang\zh-cn.php
[ info ] [ ROUTE ] array (
  'type' => 'module',
  'module' => 
  array (
    0 => 'frontend',
    1 => 'ali_pay',
    2 => 'show',
  ),
)
[ info ] [ HEADER ] array (
  'host' => 'test.thinkphp5-line.com',
  'user-agent' => 'Mozilla/5.0 (Windows NT 10.0; Win64; x64) AppleWebKit/537.36 (KHTML, like Gecko) Chrome/59.0.3071.115 Safari/537.36',
  'accept' => 'text/html,application/xhtml+xml,application/xml;q=0.9,image/webp,image/apng,*/*;q=0.8',
  'accept-encoding' => 'gzip, deflate',
  'accept-language' => 'zh-CN,zh;q=0.8,en-GB;q=0.6,en;q=0.4',
  'cache-control' => 'max-age=0',
  'cookie' => 'PHPSESSID=u8cqtsgr0oo9oat39453unk6r0',
  'proxy-connection' => 'keep-alive',
  'referer' => 'http://test.thinkphp5-line.com/backend/entry/index.html',
  'socketlog' => 'SocketLog(tabid=106&client_id=slog_b57a16)',
  'upgrade-insecure-requests' => '1',
)
[ info ] [ PARAM ] array (
)
[ info ] [ RUN ] app\frontend\controller\AliPay->show[ D:\wamp64\www\thinkphp5-study-line\application\frontend\controller\AliPay.php ]
[ info ] [ DB ] INIT mysql
[ info ] [ VIEW ] D:\wamp64\www\thinkphp5-study-line\public/../application/frontend\view\ali_pay\index.html [ array (
  0 => 'info',
) ]
[ info ] [ LOG ] INIT File
[ sql ] [ DB ] CONNECT:[ UseTime:0.010509s ] mysql:dbname=thinkphp5;host=127.0.0.1;charset=utf8
[ sql ] [ SQL ] SHOW COLUMNS FROM `ali_pay` [ RunTime:0.001339s ]
[ sql ] [ SQL ] SELECT * FROM `ali_pay` WHERE  `id` = 3 LIMIT 1 [ RunTime:0.000401s ]
---------------------------------------------------------------
[ 2017-07-09T17:30:35+08:00 ] 127.0.0.1 127.0.0.1 GET /frontend/ali_pay/show.html
[ info ] test.thinkphp5-line.com/frontend/ali_pay/show.html [运行时间：0.036251s][吞吐率：27.59req/s] [内存消耗：3,628.83kb] [文件加载：65]
[ info ] [ LANG ] D:\wamp64\www\thinkphp5-study-line\thinkphp\lang\zh-cn.php
[ info ] [ ROUTE ] array (
  'type' => 'module',
  'module' => 
  array (
    0 => 'frontend',
    1 => 'ali_pay',
    2 => 'show',
  ),
)
[ info ] [ HEADER ] array (
  'host' => 'test.thinkphp5-line.com',
  'user-agent' => 'Mozilla/5.0 (Windows NT 10.0; Win64; x64) AppleWebKit/537.36 (KHTML, like Gecko) Chrome/59.0.3071.115 Safari/537.36',
  'accept' => 'text/html,application/xhtml+xml,application/xml;q=0.9,image/webp,image/apng,*/*;q=0.8',
  'accept-encoding' => 'gzip, deflate',
  'accept-language' => 'zh-CN,zh;q=0.8,en-GB;q=0.6,en;q=0.4',
  'cache-control' => 'max-age=0',
  'cookie' => 'PHPSESSID=u8cqtsgr0oo9oat39453unk6r0',
  'proxy-connection' => 'keep-alive',
  'referer' => 'http://test.thinkphp5-line.com/backend/entry/index.html',
  'socketlog' => 'SocketLog(tabid=106&client_id=slog_b57a16)',
  'upgrade-insecure-requests' => '1',
)
[ info ] [ PARAM ] array (
)
[ info ] [ RUN ] app\frontend\controller\AliPay->show[ D:\wamp64\www\thinkphp5-study-line\application\frontend\controller\AliPay.php ]
[ info ] [ DB ] INIT mysql
[ info ] [ VIEW ] D:\wamp64\www\thinkphp5-study-line\public/../application/frontend\view\ali_pay\index.html [ array (
  0 => 'info',
) ]
[ info ] [ LOG ] INIT File
[ sql ] [ DB ] CONNECT:[ UseTime:0.000915s ] mysql:dbname=thinkphp5;host=127.0.0.1;charset=utf8
[ sql ] [ SQL ] SHOW COLUMNS FROM `ali_pay` [ RunTime:0.000950s ]
[ sql ] [ SQL ] SELECT * FROM `ali_pay` WHERE  `id` = 3 LIMIT 1 [ RunTime:0.000390s ]
---------------------------------------------------------------
[ 2017-07-09T17:30:35+08:00 ] 127.0.0.1 127.0.0.1 GET /frontend/ali_pay/show.html
[ info ] test.thinkphp5-line.com/frontend/ali_pay/show.html [运行时间：0.035138s][吞吐率：28.46req/s] [内存消耗：3,628.83kb] [文件加载：65]
[ info ] [ LANG ] D:\wamp64\www\thinkphp5-study-line\thinkphp\lang\zh-cn.php
[ info ] [ ROUTE ] array (
  'type' => 'module',
  'module' => 
  array (
    0 => 'frontend',
    1 => 'ali_pay',
    2 => 'show',
  ),
)
[ info ] [ HEADER ] array (
  'host' => 'test.thinkphp5-line.com',
  'user-agent' => 'Mozilla/5.0 (Windows NT 10.0; Win64; x64) AppleWebKit/537.36 (KHTML, like Gecko) Chrome/59.0.3071.115 Safari/537.36',
  'accept' => 'text/html,application/xhtml+xml,application/xml;q=0.9,image/webp,image/apng,*/*;q=0.8',
  'accept-encoding' => 'gzip, deflate',
  'accept-language' => 'zh-CN,zh;q=0.8,en-GB;q=0.6,en;q=0.4',
  'cache-control' => 'max-age=0',
  'cookie' => 'PHPSESSID=u8cqtsgr0oo9oat39453unk6r0',
  'proxy-connection' => 'keep-alive',
  'referer' => 'http://test.thinkphp5-line.com/backend/entry/index.html',
  'socketlog' => 'SocketLog(tabid=106&client_id=slog_b57a16)',
  'upgrade-insecure-requests' => '1',
)
[ info ] [ PARAM ] array (
)
[ info ] [ RUN ] app\frontend\controller\AliPay->show[ D:\wamp64\www\thinkphp5-study-line\application\frontend\controller\AliPay.php ]
[ info ] [ DB ] INIT mysql
[ info ] [ VIEW ] D:\wamp64\www\thinkphp5-study-line\public/../application/frontend\view\ali_pay\index.html [ array (
  0 => 'info',
) ]
[ info ] [ LOG ] INIT File
[ sql ] [ DB ] CONNECT:[ UseTime:0.000696s ] mysql:dbname=thinkphp5;host=127.0.0.1;charset=utf8
[ sql ] [ SQL ] SHOW COLUMNS FROM `ali_pay` [ RunTime:0.000788s ]
[ sql ] [ SQL ] SELECT * FROM `ali_pay` WHERE  `id` = 3 LIMIT 1 [ RunTime:0.000355s ]
---------------------------------------------------------------
[ 2017-07-09T17:30:36+08:00 ] 127.0.0.1 127.0.0.1 GET /frontend/ali_pay/show.html
[ info ] test.thinkphp5-line.com/frontend/ali_pay/show.html [运行时间：0.046581s][吞吐率：21.47req/s] [内存消耗：3,628.83kb] [文件加载：65]
[ info ] [ LANG ] D:\wamp64\www\thinkphp5-study-line\thinkphp\lang\zh-cn.php
[ info ] [ ROUTE ] array (
  'type' => 'module',
  'module' => 
  array (
    0 => 'frontend',
    1 => 'ali_pay',
    2 => 'show',
  ),
)
[ info ] [ HEADER ] array (
  'host' => 'test.thinkphp5-line.com',
  'user-agent' => 'Mozilla/5.0 (Windows NT 10.0; Win64; x64) AppleWebKit/537.36 (KHTML, like Gecko) Chrome/59.0.3071.115 Safari/537.36',
  'accept' => 'text/html,application/xhtml+xml,application/xml;q=0.9,image/webp,image/apng,*/*;q=0.8',
  'accept-encoding' => 'gzip, deflate',
  'accept-language' => 'zh-CN,zh;q=0.8,en-GB;q=0.6,en;q=0.4',
  'cache-control' => 'max-age=0',
  'cookie' => 'PHPSESSID=u8cqtsgr0oo9oat39453unk6r0',
  'proxy-connection' => 'keep-alive',
  'referer' => 'http://test.thinkphp5-line.com/backend/entry/index.html',
  'socketlog' => 'SocketLog(tabid=106&client_id=slog_b57a16)',
  'upgrade-insecure-requests' => '1',
)
[ info ] [ PARAM ] array (
)
[ info ] [ RUN ] app\frontend\controller\AliPay->show[ D:\wamp64\www\thinkphp5-study-line\application\frontend\controller\AliPay.php ]
[ info ] [ DB ] INIT mysql
[ info ] [ VIEW ] D:\wamp64\www\thinkphp5-study-line\public/../application/frontend\view\ali_pay\index.html [ array (
  0 => 'info',
) ]
[ info ] [ LOG ] INIT File
[ sql ] [ DB ] CONNECT:[ UseTime:0.010600s ] mysql:dbname=thinkphp5;host=127.0.0.1;charset=utf8
[ sql ] [ SQL ] SHOW COLUMNS FROM `ali_pay` [ RunTime:0.000931s ]
[ sql ] [ SQL ] SELECT * FROM `ali_pay` WHERE  `id` = 3 LIMIT 1 [ RunTime:0.000486s ]
---------------------------------------------------------------
[ 2017-07-09T17:30:36+08:00 ] 127.0.0.1 127.0.0.1 GET /frontend/ali_pay/show.html
[ info ] test.thinkphp5-line.com/frontend/ali_pay/show.html [运行时间：0.046273s][吞吐率：21.61req/s] [内存消耗：3,628.83kb] [文件加载：65]
[ info ] [ LANG ] D:\wamp64\www\thinkphp5-study-line\thinkphp\lang\zh-cn.php
[ info ] [ ROUTE ] array (
  'type' => 'module',
  'module' => 
  array (
    0 => 'frontend',
    1 => 'ali_pay',
    2 => 'show',
  ),
)
[ info ] [ HEADER ] array (
  'host' => 'test.thinkphp5-line.com',
  'user-agent' => 'Mozilla/5.0 (Windows NT 10.0; Win64; x64) AppleWebKit/537.36 (KHTML, like Gecko) Chrome/59.0.3071.115 Safari/537.36',
  'accept' => 'text/html,application/xhtml+xml,application/xml;q=0.9,image/webp,image/apng,*/*;q=0.8',
  'accept-encoding' => 'gzip, deflate',
  'accept-language' => 'zh-CN,zh;q=0.8,en-GB;q=0.6,en;q=0.4',
  'cache-control' => 'max-age=0',
  'cookie' => 'PHPSESSID=u8cqtsgr0oo9oat39453unk6r0',
  'proxy-connection' => 'keep-alive',
  'referer' => 'http://test.thinkphp5-line.com/backend/entry/index.html',
  'socketlog' => 'SocketLog(tabid=106&client_id=slog_b57a16)',
  'upgrade-insecure-requests' => '1',
)
[ info ] [ PARAM ] array (
)
[ info ] [ RUN ] app\frontend\controller\AliPay->show[ D:\wamp64\www\thinkphp5-study-line\application\frontend\controller\AliPay.php ]
[ info ] [ DB ] INIT mysql
[ info ] [ VIEW ] D:\wamp64\www\thinkphp5-study-line\public/../application/frontend\view\ali_pay\index.html [ array (
  0 => 'info',
) ]
[ info ] [ LOG ] INIT File
[ sql ] [ DB ] CONNECT:[ UseTime:0.011110s ] mysql:dbname=thinkphp5;host=127.0.0.1;charset=utf8
[ sql ] [ SQL ] SHOW COLUMNS FROM `ali_pay` [ RunTime:0.000756s ]
[ sql ] [ SQL ] SELECT * FROM `ali_pay` WHERE  `id` = 3 LIMIT 1 [ RunTime:0.000286s ]
---------------------------------------------------------------
[ 2017-07-09T17:30:36+08:00 ] 127.0.0.1 127.0.0.1 GET /frontend/ali_pay/show.html
[ info ] test.thinkphp5-line.com/frontend/ali_pay/show.html [运行时间：0.036364s][吞吐率：27.50req/s] [内存消耗：3,628.83kb] [文件加载：65]
[ info ] [ LANG ] D:\wamp64\www\thinkphp5-study-line\thinkphp\lang\zh-cn.php
[ info ] [ ROUTE ] array (
  'type' => 'module',
  'module' => 
  array (
    0 => 'frontend',
    1 => 'ali_pay',
    2 => 'show',
  ),
)
[ info ] [ HEADER ] array (
  'host' => 'test.thinkphp5-line.com',
  'user-agent' => 'Mozilla/5.0 (Windows NT 10.0; Win64; x64) AppleWebKit/537.36 (KHTML, like Gecko) Chrome/59.0.3071.115 Safari/537.36',
  'accept' => 'text/html,application/xhtml+xml,application/xml;q=0.9,image/webp,image/apng,*/*;q=0.8',
  'accept-encoding' => 'gzip, deflate',
  'accept-language' => 'zh-CN,zh;q=0.8,en-GB;q=0.6,en;q=0.4',
  'cache-control' => 'max-age=0',
  'cookie' => 'PHPSESSID=u8cqtsgr0oo9oat39453unk6r0',
  'proxy-connection' => 'keep-alive',
  'referer' => 'http://test.thinkphp5-line.com/backend/entry/index.html',
  'socketlog' => 'SocketLog(tabid=106&client_id=slog_b57a16)',
  'upgrade-insecure-requests' => '1',
)
[ info ] [ PARAM ] array (
)
[ info ] [ RUN ] app\frontend\controller\AliPay->show[ D:\wamp64\www\thinkphp5-study-line\application\frontend\controller\AliPay.php ]
[ info ] [ DB ] INIT mysql
[ info ] [ VIEW ] D:\wamp64\www\thinkphp5-study-line\public/../application/frontend\view\ali_pay\index.html [ array (
  0 => 'info',
) ]
[ info ] [ LOG ] INIT File
[ sql ] [ DB ] CONNECT:[ UseTime:0.000996s ] mysql:dbname=thinkphp5;host=127.0.0.1;charset=utf8
[ sql ] [ SQL ] SHOW COLUMNS FROM `ali_pay` [ RunTime:0.000666s ]
[ sql ] [ SQL ] SELECT * FROM `ali_pay` WHERE  `id` = 3 LIMIT 1 [ RunTime:0.000343s ]
---------------------------------------------------------------
[ 2017-07-09T17:30:36+08:00 ] 127.0.0.1 127.0.0.1 GET /frontend/ali_pay/show.html
[ info ] test.thinkphp5-line.com/frontend/ali_pay/show.html [运行时间：0.035778s][吞吐率：27.95req/s] [内存消耗：3,628.83kb] [文件加载：65]
[ info ] [ LANG ] D:\wamp64\www\thinkphp5-study-line\thinkphp\lang\zh-cn.php
[ info ] [ ROUTE ] array (
  'type' => 'module',
  'module' => 
  array (
    0 => 'frontend',
    1 => 'ali_pay',
    2 => 'show',
  ),
)
[ info ] [ HEADER ] array (
  'host' => 'test.thinkphp5-line.com',
  'user-agent' => 'Mozilla/5.0 (Windows NT 10.0; Win64; x64) AppleWebKit/537.36 (KHTML, like Gecko) Chrome/59.0.3071.115 Safari/537.36',
  'accept' => 'text/html,application/xhtml+xml,application/xml;q=0.9,image/webp,image/apng,*/*;q=0.8',
  'accept-encoding' => 'gzip, deflate',
  'accept-language' => 'zh-CN,zh;q=0.8,en-GB;q=0.6,en;q=0.4',
  'cache-control' => 'max-age=0',
  'cookie' => 'PHPSESSID=u8cqtsgr0oo9oat39453unk6r0',
  'proxy-connection' => 'keep-alive',
  'referer' => 'http://test.thinkphp5-line.com/backend/entry/index.html',
  'socketlog' => 'SocketLog(tabid=106&client_id=slog_b57a16)',
  'upgrade-insecure-requests' => '1',
)
[ info ] [ PARAM ] array (
)
[ info ] [ RUN ] app\frontend\controller\AliPay->show[ D:\wamp64\www\thinkphp5-study-line\application\frontend\controller\AliPay.php ]
[ info ] [ DB ] INIT mysql
[ info ] [ VIEW ] D:\wamp64\www\thinkphp5-study-line\public/../application/frontend\view\ali_pay\index.html [ array (
  0 => 'info',
) ]
[ info ] [ LOG ] INIT File
[ sql ] [ DB ] CONNECT:[ UseTime:0.000825s ] mysql:dbname=thinkphp5;host=127.0.0.1;charset=utf8
[ sql ] [ SQL ] SHOW COLUMNS FROM `ali_pay` [ RunTime:0.000714s ]
[ sql ] [ SQL ] SELECT * FROM `ali_pay` WHERE  `id` = 3 LIMIT 1 [ RunTime:0.000284s ]
---------------------------------------------------------------
[ 2017-07-09T17:30:45+08:00 ] 127.0.0.1 127.0.0.1 GET /frontend/ali_pay/show.html
[ info ] test.thinkphp5-line.com/frontend/ali_pay/show.html [运行时间：0.037925s][吞吐率：26.37req/s] [内存消耗：3,599.23kb] [文件加载：68]
[ info ] [ LANG ] D:\wamp64\www\thinkphp5-study-line\thinkphp\lang\zh-cn.php
[ info ] [ ROUTE ] array (
  'type' => 'module',
  'module' => 
  array (
    0 => 'frontend',
    1 => 'ali_pay',
    2 => 'show',
  ),
)
[ info ] [ HEADER ] array (
  'host' => 'test.thinkphp5-line.com',
  'user-agent' => 'Mozilla/5.0 (Windows NT 10.0; Win64; x64) AppleWebKit/537.36 (KHTML, like Gecko) Chrome/59.0.3071.115 Safari/537.36',
  'accept' => 'text/html,application/xhtml+xml,application/xml;q=0.9,image/webp,image/apng,*/*;q=0.8',
  'accept-encoding' => 'gzip, deflate',
  'accept-language' => 'zh-CN,zh;q=0.8,en-GB;q=0.6,en;q=0.4',
  'cache-control' => 'max-age=0',
  'cookie' => 'PHPSESSID=u8cqtsgr0oo9oat39453unk6r0',
  'proxy-connection' => 'keep-alive',
  'referer' => 'http://test.thinkphp5-line.com/backend/entry/index.html',
  'socketlog' => 'SocketLog(tabid=106&client_id=slog_b57a16)',
  'upgrade-insecure-requests' => '1',
)
[ info ] [ PARAM ] array (
)
[ info ] [ RUN ] app\frontend\controller\AliPay->show[ D:\wamp64\www\thinkphp5-study-line\application\frontend\controller\AliPay.php ]
[ info ] [ DB ] INIT mysql
[ info ] [ VIEW ] D:\wamp64\www\thinkphp5-study-line\public/../application/frontend\view\ali_pay\index.html [ array (
) ]
[ info ] [ LOG ] INIT File
[ sql ] [ DB ] CONNECT:[ UseTime:0.001098s ] mysql:dbname=thinkphp5;host=127.0.0.1;charset=utf8
[ sql ] [ SQL ] SHOW COLUMNS FROM `ali_pay` [ RunTime:0.001060s ]
[ sql ] [ SQL ] SELECT * FROM `ali_pay` WHERE  `id` = 3 LIMIT 1 [ RunTime:0.000420s ]
[ error ] [8]未定义变量: info[D:\wamp64\www\thinkphp5-study-line\runtime\temp\894e6ec9bce00147700f5c56b432ba67.php:58]
---------------------------------------------------------------
[ 2017-07-09T17:31:08+08:00 ] 127.0.0.1 127.0.0.1 GET /frontend/ali_pay/show.html
[ info ] test.thinkphp5-line.com/frontend/ali_pay/show.html [运行时间：0.058502s][吞吐率：17.09req/s] [内存消耗：3,809.54kb] [文件加载：67]
[ info ] [ LANG ] D:\wamp64\www\thinkphp5-study-line\thinkphp\lang\zh-cn.php
[ info ] [ ROUTE ] array (
  'type' => 'module',
  'module' => 
  array (
    0 => 'frontend',
    1 => 'ali_pay',
    2 => 'show',
  ),
)
[ info ] [ HEADER ] array (
  'host' => 'test.thinkphp5-line.com',
  'user-agent' => 'Mozilla/5.0 (Windows NT 10.0; Win64; x64) AppleWebKit/537.36 (KHTML, like Gecko) Chrome/59.0.3071.115 Safari/537.36',
  'accept' => 'text/html,application/xhtml+xml,application/xml;q=0.9,image/webp,image/apng,*/*;q=0.8',
  'accept-encoding' => 'gzip, deflate',
  'accept-language' => 'zh-CN,zh;q=0.8,en-GB;q=0.6,en;q=0.4',
  'cache-control' => 'max-age=0',
  'cookie' => 'PHPSESSID=u8cqtsgr0oo9oat39453unk6r0',
  'proxy-connection' => 'keep-alive',
  'referer' => 'http://test.thinkphp5-line.com/backend/entry/index.html',
  'socketlog' => 'SocketLog(tabid=106&client_id=slog_b57a16)',
  'upgrade-insecure-requests' => '1',
)
[ info ] [ PARAM ] array (
)
[ info ] [ RUN ] app\frontend\controller\AliPay->show[ D:\wamp64\www\thinkphp5-study-line\application\frontend\controller\AliPay.php ]
[ info ] [ DB ] INIT mysql
[ info ] [ VIEW ] D:\wamp64\www\thinkphp5-study-line\public/../application/frontend\view\ali_pay\index.html [ array (
  0 => 'info',
) ]
[ info ] [ LOG ] INIT File
[ sql ] [ DB ] CONNECT:[ UseTime:0.010638s ] mysql:dbname=thinkphp5;host=127.0.0.1;charset=utf8
[ sql ] [ SQL ] SHOW COLUMNS FROM `ali_pay` [ RunTime:0.001201s ]
[ sql ] [ SQL ] SELECT * FROM `ali_pay` WHERE  `id` = 3 LIMIT 1 [ RunTime:0.000387s ]
---------------------------------------------------------------
[ 2017-07-09T17:31:22+08:00 ] 127.0.0.1 127.0.0.1 GET /frontend/ali_pay/show.html
[ info ] test.thinkphp5-line.com/frontend/ali_pay/show.html [运行时间：0.047757s][吞吐率：20.94req/s] [内存消耗：3,817.54kb] [文件加载：67]
[ info ] [ LANG ] D:\wamp64\www\thinkphp5-study-line\thinkphp\lang\zh-cn.php
[ info ] [ ROUTE ] array (
  'type' => 'module',
  'module' => 
  array (
    0 => 'frontend',
    1 => 'ali_pay',
    2 => 'show',
  ),
)
[ info ] [ HEADER ] array (
  'host' => 'test.thinkphp5-line.com',
  'user-agent' => 'Mozilla/5.0 (Windows NT 10.0; Win64; x64) AppleWebKit/537.36 (KHTML, like Gecko) Chrome/59.0.3071.115 Safari/537.36',
  'accept' => 'text/html,application/xhtml+xml,application/xml;q=0.9,image/webp,image/apng,*/*;q=0.8',
  'accept-encoding' => 'gzip, deflate',
  'accept-language' => 'zh-CN,zh;q=0.8,en-GB;q=0.6,en;q=0.4',
  'cache-control' => 'max-age=0',
  'cookie' => 'PHPSESSID=u8cqtsgr0oo9oat39453unk6r0',
  'proxy-connection' => 'keep-alive',
  'referer' => 'http://test.thinkphp5-line.com/backend/entry/index.html',
  'socketlog' => 'SocketLog(tabid=106&client_id=slog_b57a16)',
  'upgrade-insecure-requests' => '1',
)
[ info ] [ PARAM ] array (
)
[ info ] [ RUN ] app\frontend\controller\AliPay->show[ D:\wamp64\www\thinkphp5-study-line\application\frontend\controller\AliPay.php ]
[ info ] [ DB ] INIT mysql
[ info ] [ VIEW ] D:\wamp64\www\thinkphp5-study-line\public/../application/frontend\view\ali_pay\index.html [ array (
  0 => 'info',
) ]
[ info ] [ LOG ] INIT File
[ sql ] [ DB ] CONNECT:[ UseTime:0.000878s ] mysql:dbname=thinkphp5;host=127.0.0.1;charset=utf8
[ sql ] [ SQL ] SHOW COLUMNS FROM `ali_pay` [ RunTime:0.000666s ]
[ sql ] [ SQL ] SELECT * FROM `ali_pay` WHERE  `id` = 3 LIMIT 1 [ RunTime:0.000249s ]
---------------------------------------------------------------
[ 2017-07-09T17:31:37+08:00 ] 127.0.0.1 127.0.0.1 GET /frontend/ali_pay/show.html
[ info ] test.thinkphp5-line.com/frontend/ali_pay/show.html [运行时间：0.039693s][吞吐率：25.19req/s] [内存消耗：3,539.16kb] [文件加载：64]
[ info ] [ LANG ] D:\wamp64\www\thinkphp5-study-line\thinkphp\lang\zh-cn.php
[ info ] [ ROUTE ] array (
  'type' => 'module',
  'module' => 
  array (
    0 => 'frontend',
    1 => 'ali_pay',
    2 => 'show',
  ),
)
[ info ] [ HEADER ] array (
  'host' => 'test.thinkphp5-line.com',
  'user-agent' => 'Mozilla/5.0 (Windows NT 10.0; Win64; x64) AppleWebKit/537.36 (KHTML, like Gecko) Chrome/59.0.3071.115 Safari/537.36',
  'accept' => 'text/html,application/xhtml+xml,application/xml;q=0.9,image/webp,image/apng,*/*;q=0.8',
  'accept-encoding' => 'gzip, deflate',
  'accept-language' => 'zh-CN,zh;q=0.8,en-GB;q=0.6,en;q=0.4',
  'cache-control' => 'max-age=0',
  'cookie' => 'PHPSESSID=u8cqtsgr0oo9oat39453unk6r0',
  'proxy-connection' => 'keep-alive',
  'referer' => 'http://test.thinkphp5-line.com/backend/entry/index.html',
  'socketlog' => 'SocketLog(tabid=106&client_id=slog_b57a16)',
  'upgrade-insecure-requests' => '1',
)
[ info ] [ PARAM ] array (
)
[ info ] [ RUN ] app\frontend\controller\AliPay->show[ D:\wamp64\www\thinkphp5-study-line\application\frontend\controller\AliPay.php ]
[ info ] [ DB ] INIT mysql
[ info ] [ LOG ] INIT File
[ sql ] [ DB ] CONNECT:[ UseTime:0.000977s ] mysql:dbname=thinkphp5;host=127.0.0.1;charset=utf8
[ sql ] [ SQL ] SHOW COLUMNS FROM `ali_pay` [ RunTime:0.000758s ]
[ sql ] [ SQL ] SELECT * FROM `ali_pay` WHERE  `id` = 3 LIMIT 1 [ RunTime:0.000400s ]
---------------------------------------------------------------
[ 2017-07-09T17:32:17+08:00 ] 127.0.0.1 127.0.0.1 GET /frontend/ali_pay/show.html
[ info ] test.thinkphp5-line.com/frontend/ali_pay/show.html [运行时间：0.052582s][吞吐率：19.02req/s] [内存消耗：3,539.16kb] [文件加载：64]
[ info ] [ LANG ] D:\wamp64\www\thinkphp5-study-line\thinkphp\lang\zh-cn.php
[ info ] [ ROUTE ] array (
  'type' => 'module',
  'module' => 
  array (
    0 => 'frontend',
    1 => 'ali_pay',
    2 => 'show',
  ),
)
[ info ] [ HEADER ] array (
  'host' => 'test.thinkphp5-line.com',
  'user-agent' => 'Mozilla/5.0 (Windows NT 10.0; Win64; x64) AppleWebKit/537.36 (KHTML, like Gecko) Chrome/59.0.3071.115 Safari/537.36',
  'accept' => 'text/html,application/xhtml+xml,application/xml;q=0.9,image/webp,image/apng,*/*;q=0.8',
  'accept-encoding' => 'gzip, deflate',
  'accept-language' => 'zh-CN,zh;q=0.8,en-GB;q=0.6,en;q=0.4',
  'cache-control' => 'max-age=0',
  'cookie' => 'PHPSESSID=u8cqtsgr0oo9oat39453unk6r0',
  'proxy-connection' => 'keep-alive',
  'referer' => 'http://test.thinkphp5-line.com/backend/entry/index.html',
  'socketlog' => 'SocketLog(tabid=106&client_id=slog_b57a16)',
  'upgrade-insecure-requests' => '1',
)
[ info ] [ PARAM ] array (
)
[ info ] [ RUN ] app\frontend\controller\AliPay->show[ D:\wamp64\www\thinkphp5-study-line\application\frontend\controller\AliPay.php ]
[ info ] [ DB ] INIT mysql
[ info ] [ LOG ] INIT File
[ sql ] [ DB ] CONNECT:[ UseTime:0.010660s ] mysql:dbname=thinkphp5;host=127.0.0.1;charset=utf8
[ sql ] [ SQL ] SHOW COLUMNS FROM `ali_pay` [ RunTime:0.001090s ]
[ sql ] [ SQL ] SELECT * FROM `ali_pay` WHERE  `id` = 3 LIMIT 1 [ RunTime:0.000513s ]
---------------------------------------------------------------
[ 2017-07-09T17:32:17+08:00 ] 127.0.0.1 127.0.0.1 GET /frontend/ali_pay/show.html
[ info ] test.thinkphp5-line.com/frontend/ali_pay/show.html [运行时间：0.056896s][吞吐率：17.58req/s] [内存消耗：3,539.16kb] [文件加载：64]
[ info ] [ LANG ] D:\wamp64\www\thinkphp5-study-line\thinkphp\lang\zh-cn.php
[ info ] [ ROUTE ] array (
  'type' => 'module',
  'module' => 
  array (
    0 => 'frontend',
    1 => 'ali_pay',
    2 => 'show',
  ),
)
[ info ] [ HEADER ] array (
  'host' => 'test.thinkphp5-line.com',
  'user-agent' => 'Mozilla/5.0 (Windows NT 10.0; Win64; x64) AppleWebKit/537.36 (KHTML, like Gecko) Chrome/59.0.3071.115 Safari/537.36',
  'accept' => 'text/html,application/xhtml+xml,application/xml;q=0.9,image/webp,image/apng,*/*;q=0.8',
  'accept-encoding' => 'gzip, deflate',
  'accept-language' => 'zh-CN,zh;q=0.8,en-GB;q=0.6,en;q=0.4',
  'cache-control' => 'max-age=0',
  'cookie' => 'PHPSESSID=u8cqtsgr0oo9oat39453unk6r0',
  'proxy-connection' => 'keep-alive',
  'referer' => 'http://test.thinkphp5-line.com/backend/entry/index.html',
  'socketlog' => 'SocketLog(tabid=106&client_id=slog_b57a16)',
  'upgrade-insecure-requests' => '1',
)
[ info ] [ PARAM ] array (
)
[ info ] [ RUN ] app\frontend\controller\AliPay->show[ D:\wamp64\www\thinkphp5-study-line\application\frontend\controller\AliPay.php ]
[ info ] [ DB ] INIT mysql
[ info ] [ LOG ] INIT File
[ sql ] [ DB ] CONNECT:[ UseTime:0.010634s ] mysql:dbname=thinkphp5;host=127.0.0.1;charset=utf8
[ sql ] [ SQL ] SHOW COLUMNS FROM `ali_pay` [ RunTime:0.000874s ]
[ sql ] [ SQL ] SELECT * FROM `ali_pay` WHERE  `id` = 3 LIMIT 1 [ RunTime:0.000454s ]
---------------------------------------------------------------
[ 2017-07-09T17:32:17+08:00 ] 127.0.0.1 127.0.0.1 GET /frontend/ali_pay/show.html
[ info ] test.thinkphp5-line.com/frontend/ali_pay/show.html [运行时间：0.032849s][吞吐率：30.44req/s] [内存消耗：3,539.16kb] [文件加载：64]
[ info ] [ LANG ] D:\wamp64\www\thinkphp5-study-line\thinkphp\lang\zh-cn.php
[ info ] [ ROUTE ] array (
  'type' => 'module',
  'module' => 
  array (
    0 => 'frontend',
    1 => 'ali_pay',
    2 => 'show',
  ),
)
[ info ] [ HEADER ] array (
  'host' => 'test.thinkphp5-line.com',
  'user-agent' => 'Mozilla/5.0 (Windows NT 10.0; Win64; x64) AppleWebKit/537.36 (KHTML, like Gecko) Chrome/59.0.3071.115 Safari/537.36',
  'accept' => 'text/html,application/xhtml+xml,application/xml;q=0.9,image/webp,image/apng,*/*;q=0.8',
  'accept-encoding' => 'gzip, deflate',
  'accept-language' => 'zh-CN,zh;q=0.8,en-GB;q=0.6,en;q=0.4',
  'cache-control' => 'max-age=0',
  'cookie' => 'PHPSESSID=u8cqtsgr0oo9oat39453unk6r0',
  'proxy-connection' => 'keep-alive',
  'referer' => 'http://test.thinkphp5-line.com/backend/entry/index.html',
  'socketlog' => 'SocketLog(tabid=106&client_id=slog_b57a16)',
  'upgrade-insecure-requests' => '1',
)
[ info ] [ PARAM ] array (
)
[ info ] [ RUN ] app\frontend\controller\AliPay->show[ D:\wamp64\www\thinkphp5-study-line\application\frontend\controller\AliPay.php ]
[ info ] [ DB ] INIT mysql
[ info ] [ LOG ] INIT File
[ sql ] [ DB ] CONNECT:[ UseTime:0.000899s ] mysql:dbname=thinkphp5;host=127.0.0.1;charset=utf8
[ sql ] [ SQL ] SHOW COLUMNS FROM `ali_pay` [ RunTime:0.000732s ]
[ sql ] [ SQL ] SELECT * FROM `ali_pay` WHERE  `id` = 3 LIMIT 1 [ RunTime:0.000245s ]
---------------------------------------------------------------
[ 2017-07-09T17:32:18+08:00 ] 127.0.0.1 127.0.0.1 GET /frontend/ali_pay/show.html
[ info ] test.thinkphp5-line.com/frontend/ali_pay/show.html [运行时间：0.033573s][吞吐率：29.79req/s] [内存消耗：3,539.16kb] [文件加载：64]
[ info ] [ LANG ] D:\wamp64\www\thinkphp5-study-line\thinkphp\lang\zh-cn.php
[ info ] [ ROUTE ] array (
  'type' => 'module',
  'module' => 
  array (
    0 => 'frontend',
    1 => 'ali_pay',
    2 => 'show',
  ),
)
[ info ] [ HEADER ] array (
  'host' => 'test.thinkphp5-line.com',
  'user-agent' => 'Mozilla/5.0 (Windows NT 10.0; Win64; x64) AppleWebKit/537.36 (KHTML, like Gecko) Chrome/59.0.3071.115 Safari/537.36',
  'accept' => 'text/html,application/xhtml+xml,application/xml;q=0.9,image/webp,image/apng,*/*;q=0.8',
  'accept-encoding' => 'gzip, deflate',
  'accept-language' => 'zh-CN,zh;q=0.8,en-GB;q=0.6,en;q=0.4',
  'cache-control' => 'max-age=0',
  'cookie' => 'PHPSESSID=u8cqtsgr0oo9oat39453unk6r0',
  'proxy-connection' => 'keep-alive',
  'referer' => 'http://test.thinkphp5-line.com/backend/entry/index.html',
  'socketlog' => 'SocketLog(tabid=106&client_id=slog_b57a16)',
  'upgrade-insecure-requests' => '1',
)
[ info ] [ PARAM ] array (
)
[ info ] [ RUN ] app\frontend\controller\AliPay->show[ D:\wamp64\www\thinkphp5-study-line\application\frontend\controller\AliPay.php ]
[ info ] [ DB ] INIT mysql
[ info ] [ LOG ] INIT File
[ sql ] [ DB ] CONNECT:[ UseTime:0.000752s ] mysql:dbname=thinkphp5;host=127.0.0.1;charset=utf8
[ sql ] [ SQL ] SHOW COLUMNS FROM `ali_pay` [ RunTime:0.000812s ]
[ sql ] [ SQL ] SELECT * FROM `ali_pay` WHERE  `id` = 3 LIMIT 1 [ RunTime:0.000358s ]
---------------------------------------------------------------
[ 2017-07-09T17:32:18+08:00 ] 127.0.0.1 127.0.0.1 GET /frontend/ali_pay/show.html
[ info ] test.thinkphp5-line.com/frontend/ali_pay/show.html [运行时间：0.033455s][吞吐率：29.89req/s] [内存消耗：3,539.16kb] [文件加载：64]
[ info ] [ LANG ] D:\wamp64\www\thinkphp5-study-line\thinkphp\lang\zh-cn.php
[ info ] [ ROUTE ] array (
  'type' => 'module',
  'module' => 
  array (
    0 => 'frontend',
    1 => 'ali_pay',
    2 => 'show',
  ),
)
[ info ] [ HEADER ] array (
  'host' => 'test.thinkphp5-line.com',
  'user-agent' => 'Mozilla/5.0 (Windows NT 10.0; Win64; x64) AppleWebKit/537.36 (KHTML, like Gecko) Chrome/59.0.3071.115 Safari/537.36',
  'accept' => 'text/html,application/xhtml+xml,application/xml;q=0.9,image/webp,image/apng,*/*;q=0.8',
  'accept-encoding' => 'gzip, deflate',
  'accept-language' => 'zh-CN,zh;q=0.8,en-GB;q=0.6,en;q=0.4',
  'cache-control' => 'max-age=0',
  'cookie' => 'PHPSESSID=u8cqtsgr0oo9oat39453unk6r0',
  'proxy-connection' => 'keep-alive',
  'referer' => 'http://test.thinkphp5-line.com/backend/entry/index.html',
  'socketlog' => 'SocketLog(tabid=106&client_id=slog_b57a16)',
  'upgrade-insecure-requests' => '1',
)
[ info ] [ PARAM ] array (
)
[ info ] [ RUN ] app\frontend\controller\AliPay->show[ D:\wamp64\www\thinkphp5-study-line\application\frontend\controller\AliPay.php ]
[ info ] [ DB ] INIT mysql
[ info ] [ LOG ] INIT File
[ sql ] [ DB ] CONNECT:[ UseTime:0.000833s ] mysql:dbname=thinkphp5;host=127.0.0.1;charset=utf8
[ sql ] [ SQL ] SHOW COLUMNS FROM `ali_pay` [ RunTime:0.000856s ]
[ sql ] [ SQL ] SELECT * FROM `ali_pay` WHERE  `id` = 3 LIMIT 1 [ RunTime:0.000422s ]
---------------------------------------------------------------
[ 2017-07-09T17:32:44+08:00 ] 127.0.0.1 127.0.0.1 GET /frontend/ali_pay/show.html
[ info ] test.thinkphp5-line.com/frontend/ali_pay/show.html [运行时间：0.106468s][吞吐率：9.39req/s] [内存消耗：3,562.33kb] [文件加载：68]
[ info ] [ LANG ] D:\wamp64\www\thinkphp5-study-line\thinkphp\lang\zh-cn.php
[ info ] [ ROUTE ] array (
  'type' => 'module',
  'module' => 
  array (
    0 => 'frontend',
    1 => 'ali_pay',
    2 => 'show',
  ),
)
[ info ] [ HEADER ] array (
  'host' => 'test.thinkphp5-line.com',
  'user-agent' => 'Mozilla/5.0 (Windows NT 10.0; Win64; x64) AppleWebKit/537.36 (KHTML, like Gecko) Chrome/59.0.3071.115 Safari/537.36',
  'accept' => 'text/html,application/xhtml+xml,application/xml;q=0.9,image/webp,image/apng,*/*;q=0.8',
  'accept-encoding' => 'gzip, deflate',
  'accept-language' => 'zh-CN,zh;q=0.8,en-GB;q=0.6,en;q=0.4',
  'cache-control' => 'max-age=0',
  'cookie' => 'PHPSESSID=u8cqtsgr0oo9oat39453unk6r0',
  'proxy-connection' => 'keep-alive',
  'referer' => 'http://test.thinkphp5-line.com/backend/entry/index.html',
  'socketlog' => 'SocketLog(tabid=106&client_id=slog_b57a16)',
  'upgrade-insecure-requests' => '1',
)
[ info ] [ PARAM ] array (
)
[ info ] [ RUN ] app\frontend\controller\AliPay->show[ D:\wamp64\www\thinkphp5-study-line\application\frontend\controller\AliPay.php ]
[ info ] [ DB ] INIT mysql
[ info ] [ LOG ] INIT File
[ sql ] [ DB ] CONNECT:[ UseTime:0.011003s ] mysql:dbname=thinkphp5;host=127.0.0.1;charset=utf8
[ error ] [10501]SQLSTATE[42S02]: Base table or view not found: 1146 Table 'thinkphp5.tinywan_ali_pay' doesn't exist[D:\wamp64\www\thinkphp5-study-line\thinkphp\library\think\db\Connection.php:388]
---------------------------------------------------------------
[ 2017-07-09T17:33:38+08:00 ] 127.0.0.1 127.0.0.1 GET /frontend/ali_pay/show.html
[ info ] test.thinkphp5-line.com/frontend/ali_pay/show.html [运行时间：0.037467s][吞吐率：26.69req/s] [内存消耗：3,539.39kb] [文件加载：64]
[ info ] [ LANG ] D:\wamp64\www\thinkphp5-study-line\thinkphp\lang\zh-cn.php
[ info ] [ ROUTE ] array (
  'type' => 'module',
  'module' => 
  array (
    0 => 'frontend',
    1 => 'ali_pay',
    2 => 'show',
  ),
)
[ info ] [ HEADER ] array (
  'host' => 'test.thinkphp5-line.com',
  'user-agent' => 'Mozilla/5.0 (Windows NT 10.0; Win64; x64) AppleWebKit/537.36 (KHTML, like Gecko) Chrome/59.0.3071.115 Safari/537.36',
  'accept' => 'text/html,application/xhtml+xml,application/xml;q=0.9,image/webp,image/apng,*/*;q=0.8',
  'accept-encoding' => 'gzip, deflate',
  'accept-language' => 'zh-CN,zh;q=0.8,en-GB;q=0.6,en;q=0.4',
  'cache-control' => 'max-age=0',
  'cookie' => 'PHPSESSID=u8cqtsgr0oo9oat39453unk6r0',
  'proxy-connection' => 'keep-alive',
  'referer' => 'http://test.thinkphp5-line.com/backend/entry/index.html',
  'socketlog' => 'SocketLog(tabid=106&client_id=slog_b57a16)',
  'upgrade-insecure-requests' => '1',
)
[ info ] [ PARAM ] array (
)
[ info ] [ RUN ] app\frontend\controller\AliPay->show[ D:\wamp64\www\thinkphp5-study-line\application\frontend\controller\AliPay.php ]
[ info ] [ DB ] INIT mysql
[ info ] [ LOG ] INIT File
[ sql ] [ DB ] CONNECT:[ UseTime:0.000859s ] mysql:dbname=thinkphp5;host=127.0.0.1;charset=utf8
[ sql ] [ SQL ] SHOW COLUMNS FROM `tinywan_alipay` [ RunTime:0.001526s ]
[ sql ] [ SQL ] SELECT * FROM `tinywan_alipay` WHERE  `id` = 3 LIMIT 1 [ RunTime:0.000477s ]
---------------------------------------------------------------
[ 2017-07-09T17:33:39+08:00 ] 127.0.0.1 127.0.0.1 GET /frontend/ali_pay/show.html
[ info ] test.thinkphp5-line.com/frontend/ali_pay/show.html [运行时间：0.034175s][吞吐率：29.26req/s] [内存消耗：3,539.39kb] [文件加载：64]
[ info ] [ LANG ] D:\wamp64\www\thinkphp5-study-line\thinkphp\lang\zh-cn.php
[ info ] [ ROUTE ] array (
  'type' => 'module',
  'module' => 
  array (
    0 => 'frontend',
    1 => 'ali_pay',
    2 => 'show',
  ),
)
[ info ] [ HEADER ] array (
  'host' => 'test.thinkphp5-line.com',
  'user-agent' => 'Mozilla/5.0 (Windows NT 10.0; Win64; x64) AppleWebKit/537.36 (KHTML, like Gecko) Chrome/59.0.3071.115 Safari/537.36',
  'accept' => 'text/html,application/xhtml+xml,application/xml;q=0.9,image/webp,image/apng,*/*;q=0.8',
  'accept-encoding' => 'gzip, deflate',
  'accept-language' => 'zh-CN,zh;q=0.8,en-GB;q=0.6,en;q=0.4',
  'cache-control' => 'max-age=0',
  'cookie' => 'PHPSESSID=u8cqtsgr0oo9oat39453unk6r0',
  'proxy-connection' => 'keep-alive',
  'referer' => 'http://test.thinkphp5-line.com/backend/entry/index.html',
  'socketlog' => 'SocketLog(tabid=106&client_id=slog_b57a16)',
  'upgrade-insecure-requests' => '1',
)
[ info ] [ PARAM ] array (
)
[ info ] [ RUN ] app\frontend\controller\AliPay->show[ D:\wamp64\www\thinkphp5-study-line\application\frontend\controller\AliPay.php ]
[ info ] [ DB ] INIT mysql
[ info ] [ LOG ] INIT File
[ sql ] [ DB ] CONNECT:[ UseTime:0.001085s ] mysql:dbname=thinkphp5;host=127.0.0.1;charset=utf8
[ sql ] [ SQL ] SHOW COLUMNS FROM `tinywan_alipay` [ RunTime:0.001171s ]
[ sql ] [ SQL ] SELECT * FROM `tinywan_alipay` WHERE  `id` = 3 LIMIT 1 [ RunTime:0.000341s ]
---------------------------------------------------------------
[ 2017-07-09T17:33:40+08:00 ] 127.0.0.1 127.0.0.1 GET /frontend/ali_pay/show.html
[ info ] test.thinkphp5-line.com/frontend/ali_pay/show.html [运行时间：0.059784s][吞吐率：16.73req/s] [内存消耗：3,539.39kb] [文件加载：64]
[ info ] [ LANG ] D:\wamp64\www\thinkphp5-study-line\thinkphp\lang\zh-cn.php
[ info ] [ ROUTE ] array (
  'type' => 'module',
  'module' => 
  array (
    0 => 'frontend',
    1 => 'ali_pay',
    2 => 'show',
  ),
)
[ info ] [ HEADER ] array (
  'host' => 'test.thinkphp5-line.com',
  'user-agent' => 'Mozilla/5.0 (Windows NT 10.0; Win64; x64) AppleWebKit/537.36 (KHTML, like Gecko) Chrome/59.0.3071.115 Safari/537.36',
  'accept' => 'text/html,application/xhtml+xml,application/xml;q=0.9,image/webp,image/apng,*/*;q=0.8',
  'accept-encoding' => 'gzip, deflate',
  'accept-language' => 'zh-CN,zh;q=0.8,en-GB;q=0.6,en;q=0.4',
  'cache-control' => 'max-age=0',
  'cookie' => 'PHPSESSID=u8cqtsgr0oo9oat39453unk6r0',
  'proxy-connection' => 'keep-alive',
  'referer' => 'http://test.thinkphp5-line.com/backend/entry/index.html',
  'socketlog' => 'SocketLog(tabid=106&client_id=slog_b57a16)',
  'upgrade-insecure-requests' => '1',
)
[ info ] [ PARAM ] array (
)
[ info ] [ RUN ] app\frontend\controller\AliPay->show[ D:\wamp64\www\thinkphp5-study-line\application\frontend\controller\AliPay.php ]
[ info ] [ DB ] INIT mysql
[ info ] [ LOG ] INIT File
[ sql ] [ DB ] CONNECT:[ UseTime:0.010431s ] mysql:dbname=thinkphp5;host=127.0.0.1;charset=utf8
[ sql ] [ SQL ] SHOW COLUMNS FROM `tinywan_alipay` [ RunTime:0.002359s ]
[ sql ] [ SQL ] SELECT * FROM `tinywan_alipay` WHERE  `id` = 3 LIMIT 1 [ RunTime:0.000255s ]
---------------------------------------------------------------
[ 2017-07-09T17:33:40+08:00 ] 127.0.0.1 127.0.0.1 GET /frontend/ali_pay/show.html
[ info ] test.thinkphp5-line.com/frontend/ali_pay/show.html [运行时间：0.050503s][吞吐率：19.80req/s] [内存消耗：3,539.39kb] [文件加载：64]
[ info ] [ LANG ] D:\wamp64\www\thinkphp5-study-line\thinkphp\lang\zh-cn.php
[ info ] [ ROUTE ] array (
  'type' => 'module',
  'module' => 
  array (
    0 => 'frontend',
    1 => 'ali_pay',
    2 => 'show',
  ),
)
[ info ] [ HEADER ] array (
  'host' => 'test.thinkphp5-line.com',
  'user-agent' => 'Mozilla/5.0 (Windows NT 10.0; Win64; x64) AppleWebKit/537.36 (KHTML, like Gecko) Chrome/59.0.3071.115 Safari/537.36',
  'accept' => 'text/html,application/xhtml+xml,application/xml;q=0.9,image/webp,image/apng,*/*;q=0.8',
  'accept-encoding' => 'gzip, deflate',
  'accept-language' => 'zh-CN,zh;q=0.8,en-GB;q=0.6,en;q=0.4',
  'cache-control' => 'max-age=0',
  'cookie' => 'PHPSESSID=u8cqtsgr0oo9oat39453unk6r0',
  'proxy-connection' => 'keep-alive',
  'referer' => 'http://test.thinkphp5-line.com/backend/entry/index.html',
  'socketlog' => 'SocketLog(tabid=106&client_id=slog_b57a16)',
  'upgrade-insecure-requests' => '1',
)
[ info ] [ PARAM ] array (
)
[ info ] [ RUN ] app\frontend\controller\AliPay->show[ D:\wamp64\www\thinkphp5-study-line\application\frontend\controller\AliPay.php ]
[ info ] [ DB ] INIT mysql
[ info ] [ LOG ] INIT File
[ sql ] [ DB ] CONNECT:[ UseTime:0.011030s ] mysql:dbname=thinkphp5;host=127.0.0.1;charset=utf8
[ sql ] [ SQL ] SHOW COLUMNS FROM `tinywan_alipay` [ RunTime:0.001359s ]
[ sql ] [ SQL ] SELECT * FROM `tinywan_alipay` WHERE  `id` = 3 LIMIT 1 [ RunTime:0.000404s ]
---------------------------------------------------------------
[ 2017-07-09T17:34:42+08:00 ] 127.0.0.1 127.0.0.1 GET /frontend/ali_pay/show.html
[ info ] test.thinkphp5-line.com/frontend/ali_pay/show.html [运行时间：0.058332s][吞吐率：17.14req/s] [内存消耗：3,539.63kb] [文件加载：64]
[ info ] [ LANG ] D:\wamp64\www\thinkphp5-study-line\thinkphp\lang\zh-cn.php
[ info ] [ ROUTE ] array (
  'type' => 'module',
  'module' => 
  array (
    0 => 'frontend',
    1 => 'ali_pay',
    2 => 'show',
  ),
)
[ info ] [ HEADER ] array (
  'host' => 'test.thinkphp5-line.com',
  'user-agent' => 'Mozilla/5.0 (Windows NT 10.0; Win64; x64) AppleWebKit/537.36 (KHTML, like Gecko) Chrome/59.0.3071.115 Safari/537.36',
  'accept' => 'text/html,application/xhtml+xml,application/xml;q=0.9,image/webp,image/apng,*/*;q=0.8',
  'accept-encoding' => 'gzip, deflate',
  'accept-language' => 'zh-CN,zh;q=0.8,en-GB;q=0.6,en;q=0.4',
  'cache-control' => 'max-age=0',
  'cookie' => 'PHPSESSID=u8cqtsgr0oo9oat39453unk6r0',
  'proxy-connection' => 'keep-alive',
  'referer' => 'http://test.thinkphp5-line.com/backend/entry/index.html',
  'socketlog' => 'SocketLog(tabid=106&client_id=slog_b57a16)',
  'upgrade-insecure-requests' => '1',
)
[ info ] [ PARAM ] array (
)
[ info ] [ RUN ] app\frontend\controller\AliPay->show[ D:\wamp64\www\thinkphp5-study-line\application\frontend\controller\AliPay.php ]
[ info ] [ DB ] INIT mysql
[ info ] [ LOG ] INIT File
[ sql ] [ DB ] CONNECT:[ UseTime:0.010263s ] mysql:dbname=thinkphp5;host=127.0.0.1;charset=utf8
[ sql ] [ SQL ] SHOW COLUMNS FROM `tinywan_alipay` [ RunTime:0.001199s ]
[ sql ] [ SQL ] SELECT * FROM `tinywan_alipay` WHERE  `id` = 3 LIMIT 1 [ RunTime:0.000320s ]
---------------------------------------------------------------
[ 2017-07-09T17:34:42+08:00 ] 127.0.0.1 127.0.0.1 GET /frontend/ali_pay/show.html
[ info ] test.thinkphp5-line.com/frontend/ali_pay/show.html [运行时间：0.052135s][吞吐率：19.18req/s] [内存消耗：3,539.63kb] [文件加载：64]
[ info ] [ LANG ] D:\wamp64\www\thinkphp5-study-line\thinkphp\lang\zh-cn.php
[ info ] [ ROUTE ] array (
  'type' => 'module',
  'module' => 
  array (
    0 => 'frontend',
    1 => 'ali_pay',
    2 => 'show',
  ),
)
[ info ] [ HEADER ] array (
  'host' => 'test.thinkphp5-line.com',
  'user-agent' => 'Mozilla/5.0 (Windows NT 10.0; Win64; x64) AppleWebKit/537.36 (KHTML, like Gecko) Chrome/59.0.3071.115 Safari/537.36',
  'accept' => 'text/html,application/xhtml+xml,application/xml;q=0.9,image/webp,image/apng,*/*;q=0.8',
  'accept-encoding' => 'gzip, deflate',
  'accept-language' => 'zh-CN,zh;q=0.8,en-GB;q=0.6,en;q=0.4',
  'cache-control' => 'max-age=0',
  'cookie' => 'PHPSESSID=u8cqtsgr0oo9oat39453unk6r0',
  'proxy-connection' => 'keep-alive',
  'referer' => 'http://test.thinkphp5-line.com/backend/entry/index.html',
  'socketlog' => 'SocketLog(tabid=106&client_id=slog_b57a16)',
  'upgrade-insecure-requests' => '1',
)
[ info ] [ PARAM ] array (
)
[ info ] [ RUN ] app\frontend\controller\AliPay->show[ D:\wamp64\www\thinkphp5-study-line\application\frontend\controller\AliPay.php ]
[ info ] [ DB ] INIT mysql
[ info ] [ LOG ] INIT File
[ sql ] [ DB ] CONNECT:[ UseTime:0.010814s ] mysql:dbname=thinkphp5;host=127.0.0.1;charset=utf8
[ sql ] [ SQL ] SHOW COLUMNS FROM `tinywan_alipay` [ RunTime:0.001300s ]
[ sql ] [ SQL ] SELECT * FROM `tinywan_alipay` WHERE  `id` = 3 LIMIT 1 [ RunTime:0.000339s ]
---------------------------------------------------------------
[ 2017-07-09T17:34:43+08:00 ] 127.0.0.1 127.0.0.1 GET /frontend/ali_pay/show.html
[ info ] test.thinkphp5-line.com/frontend/ali_pay/show.html [运行时间：0.042293s][吞吐率：23.64req/s] [内存消耗：3,539.63kb] [文件加载：64]
[ info ] [ LANG ] D:\wamp64\www\thinkphp5-study-line\thinkphp\lang\zh-cn.php
[ info ] [ ROUTE ] array (
  'type' => 'module',
  'module' => 
  array (
    0 => 'frontend',
    1 => 'ali_pay',
    2 => 'show',
  ),
)
[ info ] [ HEADER ] array (
  'host' => 'test.thinkphp5-line.com',
  'user-agent' => 'Mozilla/5.0 (Windows NT 10.0; Win64; x64) AppleWebKit/537.36 (KHTML, like Gecko) Chrome/59.0.3071.115 Safari/537.36',
  'accept' => 'text/html,application/xhtml+xml,application/xml;q=0.9,image/webp,image/apng,*/*;q=0.8',
  'accept-encoding' => 'gzip, deflate',
  'accept-language' => 'zh-CN,zh;q=0.8,en-GB;q=0.6,en;q=0.4',
  'cache-control' => 'max-age=0',
  'cookie' => 'PHPSESSID=u8cqtsgr0oo9oat39453unk6r0',
  'proxy-connection' => 'keep-alive',
  'referer' => 'http://test.thinkphp5-line.com/backend/entry/index.html',
  'socketlog' => 'SocketLog(tabid=106&client_id=slog_b57a16)',
  'upgrade-insecure-requests' => '1',
)
[ info ] [ PARAM ] array (
)
[ info ] [ RUN ] app\frontend\controller\AliPay->show[ D:\wamp64\www\thinkphp5-study-line\application\frontend\controller\AliPay.php ]
[ info ] [ DB ] INIT mysql
[ info ] [ LOG ] INIT File
[ sql ] [ DB ] CONNECT:[ UseTime:0.000789s ] mysql:dbname=thinkphp5;host=127.0.0.1;charset=utf8
[ sql ] [ SQL ] SHOW COLUMNS FROM `tinywan_alipay` [ RunTime:0.000645s ]
[ sql ] [ SQL ] SELECT * FROM `tinywan_alipay` WHERE  `id` = 3 LIMIT 1 [ RunTime:0.000252s ]
---------------------------------------------------------------
[ 2017-07-09T17:34:43+08:00 ] 127.0.0.1 127.0.0.1 GET /frontend/ali_pay/show.html
[ info ] test.thinkphp5-line.com/frontend/ali_pay/show.html [运行时间：0.046944s][吞吐率：21.30req/s] [内存消耗：3,539.63kb] [文件加载：64]
[ info ] [ LANG ] D:\wamp64\www\thinkphp5-study-line\thinkphp\lang\zh-cn.php
[ info ] [ ROUTE ] array (
  'type' => 'module',
  'module' => 
  array (
    0 => 'frontend',
    1 => 'ali_pay',
    2 => 'show',
  ),
)
[ info ] [ HEADER ] array (
  'host' => 'test.thinkphp5-line.com',
  'user-agent' => 'Mozilla/5.0 (Windows NT 10.0; Win64; x64) AppleWebKit/537.36 (KHTML, like Gecko) Chrome/59.0.3071.115 Safari/537.36',
  'accept' => 'text/html,application/xhtml+xml,application/xml;q=0.9,image/webp,image/apng,*/*;q=0.8',
  'accept-encoding' => 'gzip, deflate',
  'accept-language' => 'zh-CN,zh;q=0.8,en-GB;q=0.6,en;q=0.4',
  'cache-control' => 'max-age=0',
  'cookie' => 'PHPSESSID=u8cqtsgr0oo9oat39453unk6r0',
  'proxy-connection' => 'keep-alive',
  'referer' => 'http://test.thinkphp5-line.com/backend/entry/index.html',
  'socketlog' => 'SocketLog(tabid=106&client_id=slog_b57a16)',
  'upgrade-insecure-requests' => '1',
)
[ info ] [ PARAM ] array (
)
[ info ] [ RUN ] app\frontend\controller\AliPay->show[ D:\wamp64\www\thinkphp5-study-line\application\frontend\controller\AliPay.php ]
[ info ] [ DB ] INIT mysql
[ info ] [ LOG ] INIT File
[ sql ] [ DB ] CONNECT:[ UseTime:0.000811s ] mysql:dbname=thinkphp5;host=127.0.0.1;charset=utf8
[ sql ] [ SQL ] SHOW COLUMNS FROM `tinywan_alipay` [ RunTime:0.001425s ]
[ sql ] [ SQL ] SELECT * FROM `tinywan_alipay` WHERE  `id` = 3 LIMIT 1 [ RunTime:0.000433s ]
---------------------------------------------------------------
[ 2017-07-09T17:34:49+08:00 ] 127.0.0.1 127.0.0.1 GET /frontend/ali_pay/show.html
[ info ] test.thinkphp5-line.com/frontend/ali_pay/show.html [运行时间：0.036257s][吞吐率：27.58req/s] [内存消耗：3,629.37kb] [文件加载：65]
[ info ] [ LANG ] D:\wamp64\www\thinkphp5-study-line\thinkphp\lang\zh-cn.php
[ info ] [ ROUTE ] array (
  'type' => 'module',
  'module' => 
  array (
    0 => 'frontend',
    1 => 'ali_pay',
    2 => 'show',
  ),
)
[ info ] [ HEADER ] array (
  'host' => 'test.thinkphp5-line.com',
  'user-agent' => 'Mozilla/5.0 (Windows NT 10.0; Win64; x64) AppleWebKit/537.36 (KHTML, like Gecko) Chrome/59.0.3071.115 Safari/537.36',
  'accept' => 'text/html,application/xhtml+xml,application/xml;q=0.9,image/webp,image/apng,*/*;q=0.8',
  'accept-encoding' => 'gzip, deflate',
  'accept-language' => 'zh-CN,zh;q=0.8,en-GB;q=0.6,en;q=0.4',
  'cache-control' => 'max-age=0',
  'cookie' => 'PHPSESSID=u8cqtsgr0oo9oat39453unk6r0',
  'proxy-connection' => 'keep-alive',
  'referer' => 'http://test.thinkphp5-line.com/backend/entry/index.html',
  'socketlog' => 'SocketLog(tabid=106&client_id=slog_b57a16)',
  'upgrade-insecure-requests' => '1',
)
[ info ] [ PARAM ] array (
)
[ info ] [ RUN ] app\frontend\controller\AliPay->show[ D:\wamp64\www\thinkphp5-study-line\application\frontend\controller\AliPay.php ]
[ info ] [ DB ] INIT mysql
[ info ] [ VIEW ] D:\wamp64\www\thinkphp5-study-line\public/../application/frontend\view\ali_pay\index.html [ array (
  0 => 'info',
) ]
[ info ] [ LOG ] INIT File
[ sql ] [ DB ] CONNECT:[ UseTime:0.000874s ] mysql:dbname=thinkphp5;host=127.0.0.1;charset=utf8
[ sql ] [ SQL ] SHOW COLUMNS FROM `tinywan_alipay` [ RunTime:0.000988s ]
[ sql ] [ SQL ] SELECT * FROM `tinywan_alipay` WHERE  `id` = 3 LIMIT 1 [ RunTime:0.000396s ]
---------------------------------------------------------------
[ 2017-07-09T17:34:57+08:00 ] 127.0.0.1 127.0.0.1 GET /frontend/ali_pay/show.html
[ info ] test.thinkphp5-line.com/frontend/ali_pay/show.html [运行时间：0.045680s][吞吐率：21.89req/s] [内存消耗：3,818.08kb] [文件加载：67]
[ info ] [ LANG ] D:\wamp64\www\thinkphp5-study-line\thinkphp\lang\zh-cn.php
[ info ] [ ROUTE ] array (
  'type' => 'module',
  'module' => 
  array (
    0 => 'frontend',
    1 => 'ali_pay',
    2 => 'show',
  ),
)
[ info ] [ HEADER ] array (
  'host' => 'test.thinkphp5-line.com',
  'user-agent' => 'Mozilla/5.0 (Windows NT 10.0; Win64; x64) AppleWebKit/537.36 (KHTML, like Gecko) Chrome/59.0.3071.115 Safari/537.36',
  'accept' => 'text/html,application/xhtml+xml,application/xml;q=0.9,image/webp,image/apng,*/*;q=0.8',
  'accept-encoding' => 'gzip, deflate',
  'accept-language' => 'zh-CN,zh;q=0.8,en-GB;q=0.6,en;q=0.4',
  'cache-control' => 'max-age=0',
  'cookie' => 'PHPSESSID=u8cqtsgr0oo9oat39453unk6r0',
  'proxy-connection' => 'keep-alive',
  'referer' => 'http://test.thinkphp5-line.com/backend/entry/index.html',
  'socketlog' => 'SocketLog(tabid=106&client_id=slog_b57a16)',
  'upgrade-insecure-requests' => '1',
)
[ info ] [ PARAM ] array (
)
[ info ] [ RUN ] app\frontend\controller\AliPay->show[ D:\wamp64\www\thinkphp5-study-line\application\frontend\controller\AliPay.php ]
[ info ] [ DB ] INIT mysql
[ info ] [ VIEW ] D:\wamp64\www\thinkphp5-study-line\public/../application/frontend\view\ali_pay\index.html [ array (
  0 => 'info',
) ]
[ info ] [ LOG ] INIT File
[ sql ] [ DB ] CONNECT:[ UseTime:0.000948s ] mysql:dbname=thinkphp5;host=127.0.0.1;charset=utf8
[ sql ] [ SQL ] SHOW COLUMNS FROM `tinywan_alipay` [ RunTime:0.000828s ]
[ sql ] [ SQL ] SELECT * FROM `tinywan_alipay` WHERE  `id` = 3 LIMIT 1 [ RunTime:0.000376s ]
---------------------------------------------------------------
[ 2017-07-09T17:34:58+08:00 ] 127.0.0.1 127.0.0.1 GET /frontend/ali_pay/show.html
[ info ] test.thinkphp5-line.com/frontend/ali_pay/show.html [运行时间：0.043435s][吞吐率：23.02req/s] [内存消耗：3,629.37kb] [文件加载：65]
[ info ] [ LANG ] D:\wamp64\www\thinkphp5-study-line\thinkphp\lang\zh-cn.php
[ info ] [ ROUTE ] array (
  'type' => 'module',
  'module' => 
  array (
    0 => 'frontend',
    1 => 'ali_pay',
    2 => 'show',
  ),
)
[ info ] [ HEADER ] array (
  'host' => 'test.thinkphp5-line.com',
  'user-agent' => 'Mozilla/5.0 (Windows NT 10.0; Win64; x64) AppleWebKit/537.36 (KHTML, like Gecko) Chrome/59.0.3071.115 Safari/537.36',
  'accept' => 'text/html,application/xhtml+xml,application/xml;q=0.9,image/webp,image/apng,*/*;q=0.8',
  'accept-encoding' => 'gzip, deflate',
  'accept-language' => 'zh-CN,zh;q=0.8,en-GB;q=0.6,en;q=0.4',
  'cache-control' => 'max-age=0',
  'cookie' => 'PHPSESSID=u8cqtsgr0oo9oat39453unk6r0',
  'proxy-connection' => 'keep-alive',
  'referer' => 'http://test.thinkphp5-line.com/backend/entry/index.html',
  'socketlog' => 'SocketLog(tabid=106&client_id=slog_b57a16)',
  'upgrade-insecure-requests' => '1',
)
[ info ] [ PARAM ] array (
)
[ info ] [ RUN ] app\frontend\controller\AliPay->show[ D:\wamp64\www\thinkphp5-study-line\application\frontend\controller\AliPay.php ]
[ info ] [ DB ] INIT mysql
[ info ] [ VIEW ] D:\wamp64\www\thinkphp5-study-line\public/../application/frontend\view\ali_pay\index.html [ array (
  0 => 'info',
) ]
[ info ] [ LOG ] INIT File
[ sql ] [ DB ] CONNECT:[ UseTime:0.000848s ] mysql:dbname=thinkphp5;host=127.0.0.1;charset=utf8
[ sql ] [ SQL ] SHOW COLUMNS FROM `tinywan_alipay` [ RunTime:0.001180s ]
[ sql ] [ SQL ] SELECT * FROM `tinywan_alipay` WHERE  `id` = 3 LIMIT 1 [ RunTime:0.000406s ]
---------------------------------------------------------------
[ 2017-07-09T17:38:09+08:00 ] 127.0.0.1 127.0.0.1 GET /frontend/ali_pay/show.html
[ info ] test.thinkphp5-line.com/frontend/ali_pay/show.html [运行时间：0.055044s][吞吐率：18.17req/s] [内存消耗：3,818.16kb] [文件加载：67]
[ info ] [ LANG ] D:\wamp64\www\thinkphp5-study-line\thinkphp\lang\zh-cn.php
[ info ] [ ROUTE ] array (
  'type' => 'module',
  'module' => 
  array (
    0 => 'frontend',
    1 => 'ali_pay',
    2 => 'show',
  ),
)
[ info ] [ HEADER ] array (
  'host' => 'test.thinkphp5-line.com',
  'user-agent' => 'Mozilla/5.0 (Windows NT 10.0; Win64; x64) AppleWebKit/537.36 (KHTML, like Gecko) Chrome/59.0.3071.115 Safari/537.36',
  'accept' => 'text/html,application/xhtml+xml,application/xml;q=0.9,image/webp,image/apng,*/*;q=0.8',
  'accept-encoding' => 'gzip, deflate',
  'accept-language' => 'zh-CN,zh;q=0.8,en-GB;q=0.6,en;q=0.4',
  'cache-control' => 'max-age=0',
  'cookie' => 'PHPSESSID=u8cqtsgr0oo9oat39453unk6r0',
  'proxy-connection' => 'keep-alive',
  'referer' => 'http://test.thinkphp5-line.com/backend/entry/index.html',
  'socketlog' => 'SocketLog(tabid=106&client_id=slog_b57a16)',
  'upgrade-insecure-requests' => '1',
  'x-lantern-version' => '3.7.3',
)
[ info ] [ PARAM ] array (
)
[ info ] [ RUN ] app\frontend\controller\AliPay->show[ D:\wamp64\www\thinkphp5-study-line\application\frontend\controller\AliPay.php ]
[ info ] [ DB ] INIT mysql
[ info ] [ VIEW ] D:\wamp64\www\thinkphp5-study-line\public/../application/frontend\view\ali_pay\index.html [ array (
  0 => 'info',
) ]
[ info ] [ LOG ] INIT File
[ sql ] [ DB ] CONNECT:[ UseTime:0.001085s ] mysql:dbname=thinkphp5;host=127.0.0.1;charset=utf8
[ sql ] [ SQL ] SHOW COLUMNS FROM `tinywan_alipay` [ RunTime:0.001872s ]
[ sql ] [ SQL ] SELECT * FROM `tinywan_alipay` WHERE  `id` = 3 LIMIT 1 [ RunTime:0.000352s ]
---------------------------------------------------------------
[ 2017-07-09T17:38:31+08:00 ] 127.0.0.1 127.0.0.1 GET /frontend/ali_pay/show.html
[ info ] test.thinkphp5-line.com/frontend/ali_pay/show.html [运行时间：0.071207s][吞吐率：14.04req/s] [内存消耗：3,818.08kb] [文件加载：67]
[ info ] [ LANG ] D:\wamp64\www\thinkphp5-study-line\thinkphp\lang\zh-cn.php
[ info ] [ ROUTE ] array (
  'type' => 'module',
  'module' => 
  array (
    0 => 'frontend',
    1 => 'ali_pay',
    2 => 'show',
  ),
)
[ info ] [ HEADER ] array (
  'host' => 'test.thinkphp5-line.com',
  'user-agent' => 'Mozilla/5.0 (Windows NT 10.0; Win64; x64) AppleWebKit/537.36 (KHTML, like Gecko) Chrome/59.0.3071.115 Safari/537.36',
  'accept' => 'text/html,application/xhtml+xml,application/xml;q=0.9,image/webp,image/apng,*/*;q=0.8',
  'accept-encoding' => 'gzip, deflate',
  'accept-language' => 'zh-CN,zh;q=0.8,en-GB;q=0.6,en;q=0.4',
  'cache-control' => 'max-age=0',
  'cookie' => 'PHPSESSID=u8cqtsgr0oo9oat39453unk6r0',
  'proxy-connection' => 'keep-alive',
  'referer' => 'http://test.thinkphp5-line.com/backend/entry/index.html',
  'socketlog' => 'SocketLog(tabid=106&client_id=slog_b57a16)',
  'upgrade-insecure-requests' => '1',
)
[ info ] [ PARAM ] array (
)
[ info ] [ RUN ] app\frontend\controller\AliPay->show[ D:\wamp64\www\thinkphp5-study-line\application\frontend\controller\AliPay.php ]
[ info ] [ DB ] INIT mysql
[ info ] [ VIEW ] D:\wamp64\www\thinkphp5-study-line\public/../application/frontend\view\ali_pay\index.html [ array (
  0 => 'info',
) ]
[ info ] [ LOG ] INIT File
[ sql ] [ DB ] CONNECT:[ UseTime:0.010533s ] mysql:dbname=thinkphp5;host=127.0.0.1;charset=utf8
[ sql ] [ SQL ] SHOW COLUMNS FROM `tinywan_alipay` [ RunTime:0.001334s ]
[ sql ] [ SQL ] SELECT * FROM `tinywan_alipay` WHERE  `id` = 3 LIMIT 1 [ RunTime:0.000359s ]
---------------------------------------------------------------
[ 2017-07-09T17:38:44+08:00 ] 127.0.0.1 127.0.0.1 POST /frontend/AliPay/payto.html
[ info ] test.thinkphp5-line.com/frontend/AliPay/payto.html [运行时间：0.024731s][吞吐率：40.43req/s] [内存消耗：2,542.15kb] [文件加载：57]
[ info ] [ LANG ] D:\wamp64\www\thinkphp5-study-line\thinkphp\lang\zh-cn.php
[ info ] [ ROUTE ] array (
  'type' => 'module',
  'module' => 
  array (
    0 => 'frontend',
    1 => 'AliPay',
    2 => 'payto',
  ),
)
[ info ] [ HEADER ] array (
  'host' => 'test.thinkphp5-line.com',
  'user-agent' => 'Mozilla/5.0 (Windows NT 10.0; Win64; x64) AppleWebKit/537.36 (KHTML, like Gecko) Chrome/59.0.3071.115 Safari/537.36',
  'content-length' => '68',
  'accept' => 'application/json, text/javascript, */*; q=0.01',
  'accept-encoding' => 'gzip, deflate',
  'accept-language' => 'zh-CN,zh;q=0.8,en-GB;q=0.6,en;q=0.4',
  'content-type' => 'application/x-www-form-urlencoded; charset=UTF-8',
  'cookie' => 'PHPSESSID=u8cqtsgr0oo9oat39453unk6r0',
  'origin' => 'http://test.thinkphp5-line.com',
  'proxy-connection' => 'keep-alive',
  'referer' => 'http://test.thinkphp5-line.com/frontend/ali_pay/show.html',
  'socketlog' => 'SocketLog(tabid=106&client_id=slog_b57a16)',
  'x-requested-with' => 'XMLHttpRequest',
)
[ info ] [ PARAM ] array (
  'subject' => 'iPhone 8 Plus',
  'out_trade_no' => 'CS4006992500031231',
  'total_fee' => '0.01',
)
[ info ] [ RUN ] app\frontend\controller\AliPay->payTo[ D:\wamp64\www\thinkphp5-study-line\application\frontend\controller\AliPay.php ]
[ info ] [ LOG ] INIT File
---------------------------------------------------------------
[ 2017-07-09T17:38:59+08:00 ] 127.0.0.1 127.0.0.1 GET /backend/category/index.html
[ info ] test.thinkphp5-line.com/backend/category/index.html [运行时间：0.126669s][吞吐率：7.89req/s] [内存消耗：4,453.55kb] [文件加载：72]
[ info ] [ LANG ] D:\wamp64\www\thinkphp5-study-line\thinkphp\lang\zh-cn.php
[ info ] [ ROUTE ] array (
  'type' => 'module',
  'module' => 
  array (
    0 => 'backend',
    1 => 'category',
    2 => 'index',
  ),
)
[ info ] [ HEADER ] array (
  'host' => 'test.thinkphp5-line.com',
  'user-agent' => 'Mozilla/5.0 (Windows NT 10.0; Win64; x64) AppleWebKit/537.36 (KHTML, like Gecko) Chrome/59.0.3071.115 Safari/537.36',
  'accept' => 'text/html,application/xhtml+xml,application/xml;q=0.9,image/webp,image/apng,*/*;q=0.8',
  'accept-encoding' => 'gzip, deflate',
  'accept-language' => 'zh-CN,zh;q=0.8,en-GB;q=0.6,en;q=0.4',
  'cookie' => 'PHPSESSID=u8cqtsgr0oo9oat39453unk6r0',
  'proxy-connection' => 'keep-alive',
  'referer' => 'http://test.thinkphp5-line.com/backend/entry/index.html',
  'socketlog' => 'SocketLog(tabid=2&client_id=slog_b57a16)',
  'upgrade-insecure-requests' => '1',
)
[ info ] [ PARAM ] array (
)
[ info ] [ DB ] INIT mysql
[ info ] [ SESSION ] INIT array (
  'id' => '',
  'var_session_id' => '',
  'prefix' => 'think',
  'type' => '',
  'auto_start' => true,
  'httponly' => true,
  'secure' => false,
)
[ info ] [ RUN ] app\backend\controller\Category->index[ D:\wamp64\www\thinkphp5-study-line\application\backend\controller\Category.php ]
[ info ] [ VIEW ] D:\wamp64\www\thinkphp5-study-line\public/../application/backend\view\category\index.html [ array (
  0 => 'sub_title',
  1 => 'categorys',
) ]
[ info ] [ LOG ] INIT File
[ sql ] [ DB ] CONNECT:[ UseTime:0.010643s ] mysql:dbname=thinkphp5;host=127.0.0.1;charset=utf8
[ sql ] [ SQL ] SHOW COLUMNS FROM `tinywan_category` [ RunTime:0.000850s ]
[ sql ] [ SQL ] SELECT * FROM `tinywan_category` ORDER BY id desc [ RunTime:0.000488s ]
---------------------------------------------------------------
[ 2017-07-09T17:39:01+08:00 ] 127.0.0.1 127.0.0.1 GET /frontend/ali_pay/show.html
[ info ] test.thinkphp5-line.com/frontend/ali_pay/show.html [运行时间：0.058984s][吞吐率：16.95req/s] [内存消耗：3,629.30kb] [文件加载：65]
[ info ] [ LANG ] D:\wamp64\www\thinkphp5-study-line\thinkphp\lang\zh-cn.php
[ info ] [ ROUTE ] array (
  'type' => 'module',
  'module' => 
  array (
    0 => 'frontend',
    1 => 'ali_pay',
    2 => 'show',
  ),
)
[ info ] [ HEADER ] array (
  'host' => 'test.thinkphp5-line.com',
  'user-agent' => 'Mozilla/5.0 (Windows NT 10.0; Win64; x64) AppleWebKit/537.36 (KHTML, like Gecko) Chrome/59.0.3071.115 Safari/537.36',
  'accept' => 'text/html,application/xhtml+xml,application/xml;q=0.9,image/webp,image/apng,*/*;q=0.8',
  'accept-encoding' => 'gzip, deflate',
  'accept-language' => 'zh-CN,zh;q=0.8,en-GB;q=0.6,en;q=0.4',
  'cookie' => 'PHPSESSID=u8cqtsgr0oo9oat39453unk6r0',
  'proxy-connection' => 'keep-alive',
  'referer' => 'http://test.thinkphp5-line.com/backend/category/index.html',
  'socketlog' => 'SocketLog(tabid=110&client_id=slog_b57a16)',
  'upgrade-insecure-requests' => '1',
)
[ info ] [ PARAM ] array (
)
[ info ] [ RUN ] app\frontend\controller\AliPay->show[ D:\wamp64\www\thinkphp5-study-line\application\frontend\controller\AliPay.php ]
[ info ] [ DB ] INIT mysql
[ info ] [ VIEW ] D:\wamp64\www\thinkphp5-study-line\public/../application/frontend\view\ali_pay\index.html [ array (
  0 => 'info',
) ]
[ info ] [ LOG ] INIT File
[ sql ] [ DB ] CONNECT:[ UseTime:0.010959s ] mysql:dbname=thinkphp5;host=127.0.0.1;charset=utf8
[ sql ] [ SQL ] SHOW COLUMNS FROM `tinywan_alipay` [ RunTime:0.001576s ]
[ sql ] [ SQL ] SELECT * FROM `tinywan_alipay` WHERE  `id` = 3 LIMIT 1 [ RunTime:0.000424s ]
---------------------------------------------------------------
[ 2017-07-09T17:39:10+08:00 ] 127.0.0.1 127.0.0.1 GET /frontend/ali_pay/show.html?id=2
[ info ] test.thinkphp5-line.com/frontend/ali_pay/show.html?id=2 [运行时间：0.047214s][吞吐率：21.18req/s] [内存消耗：3,629.10kb] [文件加载：65]
[ info ] [ LANG ] D:\wamp64\www\thinkphp5-study-line\thinkphp\lang\zh-cn.php
[ info ] [ ROUTE ] array (
  'type' => 'module',
  'module' => 
  array (
    0 => 'frontend',
    1 => 'ali_pay',
    2 => 'show',
  ),
)
[ info ] [ HEADER ] array (
  'host' => 'test.thinkphp5-line.com',
  'user-agent' => 'Mozilla/5.0 (Windows NT 10.0; Win64; x64) AppleWebKit/537.36 (KHTML, like Gecko) Chrome/59.0.3071.115 Safari/537.36',
  'accept' => 'text/html,application/xhtml+xml,application/xml;q=0.9,image/webp,image/apng,*/*;q=0.8',
  'accept-encoding' => 'gzip, deflate',
  'accept-language' => 'zh-CN,zh;q=0.8,en-GB;q=0.6,en;q=0.4',
  'cookie' => 'PHPSESSID=u8cqtsgr0oo9oat39453unk6r0',
  'proxy-connection' => 'keep-alive',
  'socketlog' => 'SocketLog(tabid=110&client_id=slog_b57a16)',
  'upgrade-insecure-requests' => '1',
)
[ info ] [ PARAM ] array (
  'id' => '2',
)
[ info ] [ RUN ] app\frontend\controller\AliPay->show[ D:\wamp64\www\thinkphp5-study-line\application\frontend\controller\AliPay.php ]
[ info ] [ DB ] INIT mysql
[ info ] [ VIEW ] D:\wamp64\www\thinkphp5-study-line\public/../application/frontend\view\ali_pay\index.html [ array (
  0 => 'info',
) ]
[ info ] [ LOG ] INIT File
[ sql ] [ DB ] CONNECT:[ UseTime:0.000763s ] mysql:dbname=thinkphp5;host=127.0.0.1;charset=utf8
[ sql ] [ SQL ] SHOW COLUMNS FROM `tinywan_alipay` [ RunTime:0.001301s ]
[ sql ] [ SQL ] SELECT * FROM `tinywan_alipay` WHERE  `id` = 2 LIMIT 1 [ RunTime:0.000361s ]
---------------------------------------------------------------
[ 2017-07-09T17:39:14+08:00 ] 127.0.0.1 127.0.0.1 GET /frontend/ali_pay/show.html?id=3
[ info ] test.thinkphp5-line.com/frontend/ali_pay/show.html?id=3 [运行时间：0.033920s][吞吐率：29.48req/s] [内存消耗：3,629.10kb] [文件加载：65]
[ info ] [ LANG ] D:\wamp64\www\thinkphp5-study-line\thinkphp\lang\zh-cn.php
[ info ] [ ROUTE ] array (
  'type' => 'module',
  'module' => 
  array (
    0 => 'frontend',
    1 => 'ali_pay',
    2 => 'show',
  ),
)
[ info ] [ HEADER ] array (
  'host' => 'test.thinkphp5-line.com',
  'user-agent' => 'Mozilla/5.0 (Windows NT 10.0; Win64; x64) AppleWebKit/537.36 (KHTML, like Gecko) Chrome/59.0.3071.115 Safari/537.36',
  'accept' => 'text/html,application/xhtml+xml,application/xml;q=0.9,image/webp,image/apng,*/*;q=0.8',
  'accept-encoding' => 'gzip, deflate',
  'accept-language' => 'zh-CN,zh;q=0.8,en-GB;q=0.6,en;q=0.4',
  'cookie' => 'PHPSESSID=u8cqtsgr0oo9oat39453unk6r0',
  'proxy-connection' => 'keep-alive',
  'socketlog' => 'SocketLog(tabid=110&client_id=slog_b57a16)',
  'upgrade-insecure-requests' => '1',
)
[ info ] [ PARAM ] array (
  'id' => '3',
)
[ info ] [ RUN ] app\frontend\controller\AliPay->show[ D:\wamp64\www\thinkphp5-study-line\application\frontend\controller\AliPay.php ]
[ info ] [ DB ] INIT mysql
[ info ] [ VIEW ] D:\wamp64\www\thinkphp5-study-line\public/../application/frontend\view\ali_pay\index.html [ array (
  0 => 'info',
) ]
[ info ] [ LOG ] INIT File
[ sql ] [ DB ] CONNECT:[ UseTime:0.000753s ] mysql:dbname=thinkphp5;host=127.0.0.1;charset=utf8
[ sql ] [ SQL ] SHOW COLUMNS FROM `tinywan_alipay` [ RunTime:0.000799s ]
[ sql ] [ SQL ] SELECT * FROM `tinywan_alipay` WHERE  `id` = 3 LIMIT 1 [ RunTime:0.000419s ]
---------------------------------------------------------------
[ 2017-07-09T17:40:06+08:00 ] 127.0.0.1 127.0.0.1 GET /frontend/ali_pay/show.html?id=3
[ info ] test.thinkphp5-line.com/frontend/ali_pay/show.html?id=3 [运行时间：0.044274s][吞吐率：22.59req/s] [内存消耗：3,629.30kb] [文件加载：65]
[ info ] [ LANG ] D:\wamp64\www\thinkphp5-study-line\thinkphp\lang\zh-cn.php
[ info ] [ ROUTE ] array (
  'type' => 'module',
  'module' => 
  array (
    0 => 'frontend',
    1 => 'ali_pay',
    2 => 'show',
  ),
)
[ info ] [ HEADER ] array (
  'host' => 'test.thinkphp5-line.com',
  'user-agent' => 'Mozilla/5.0 (Windows NT 10.0; Win64; x64) AppleWebKit/537.36 (KHTML, like Gecko) Chrome/59.0.3071.115 Safari/537.36',
  'accept' => 'text/html,application/xhtml+xml,application/xml;q=0.9,image/webp,image/apng,*/*;q=0.8',
  'accept-encoding' => 'gzip, deflate',
  'accept-language' => 'zh-CN,zh;q=0.8,en-GB;q=0.6,en;q=0.4',
  'cache-control' => 'max-age=0',
  'cookie' => 'PHPSESSID=u8cqtsgr0oo9oat39453unk6r0',
  'proxy-connection' => 'keep-alive',
  'socketlog' => 'SocketLog(tabid=110&client_id=slog_b57a16)',
  'upgrade-insecure-requests' => '1',
)
[ info ] [ PARAM ] array (
  'id' => '3',
)
[ info ] [ RUN ] app\frontend\controller\AliPay->show[ D:\wamp64\www\thinkphp5-study-line\application\frontend\controller\AliPay.php ]
[ info ] [ DB ] INIT mysql
[ info ] [ VIEW ] D:\wamp64\www\thinkphp5-study-line\public/../application/frontend\view\ali_pay\index.html [ array (
  0 => 'info',
) ]
[ info ] [ LOG ] INIT File
[ sql ] [ DB ] CONNECT:[ UseTime:0.000832s ] mysql:dbname=thinkphp5;host=127.0.0.1;charset=utf8
[ sql ] [ SQL ] SHOW COLUMNS FROM `tinywan_alipay` [ RunTime:0.000730s ]
[ sql ] [ SQL ] SELECT * FROM `tinywan_alipay` WHERE  `id` = 3 LIMIT 1 [ RunTime:0.000237s ]
---------------------------------------------------------------
[ 2017-07-09T17:40:07+08:00 ] 127.0.0.1 127.0.0.1 GET /frontend/ali_pay/show.html?id=3
[ info ] test.thinkphp5-line.com/frontend/ali_pay/show.html?id=3 [运行时间：0.038994s][吞吐率：25.65req/s] [内存消耗：3,629.30kb] [文件加载：65]
[ info ] [ LANG ] D:\wamp64\www\thinkphp5-study-line\thinkphp\lang\zh-cn.php
[ info ] [ ROUTE ] array (
  'type' => 'module',
  'module' => 
  array (
    0 => 'frontend',
    1 => 'ali_pay',
    2 => 'show',
  ),
)
[ info ] [ HEADER ] array (
  'host' => 'test.thinkphp5-line.com',
  'user-agent' => 'Mozilla/5.0 (Windows NT 10.0; Win64; x64) AppleWebKit/537.36 (KHTML, like Gecko) Chrome/59.0.3071.115 Safari/537.36',
  'accept' => 'text/html,application/xhtml+xml,application/xml;q=0.9,image/webp,image/apng,*/*;q=0.8',
  'accept-encoding' => 'gzip, deflate',
  'accept-language' => 'zh-CN,zh;q=0.8,en-GB;q=0.6,en;q=0.4',
  'cache-control' => 'max-age=0',
  'cookie' => 'PHPSESSID=u8cqtsgr0oo9oat39453unk6r0',
  'proxy-connection' => 'keep-alive',
  'socketlog' => 'SocketLog(tabid=110&client_id=slog_b57a16)',
  'upgrade-insecure-requests' => '1',
)
[ info ] [ PARAM ] array (
  'id' => '3',
)
[ info ] [ RUN ] app\frontend\controller\AliPay->show[ D:\wamp64\www\thinkphp5-study-line\application\frontend\controller\AliPay.php ]
[ info ] [ DB ] INIT mysql
[ info ] [ VIEW ] D:\wamp64\www\thinkphp5-study-line\public/../application/frontend\view\ali_pay\index.html [ array (
  0 => 'info',
) ]
[ info ] [ LOG ] INIT File
[ sql ] [ DB ] CONNECT:[ UseTime:0.000929s ] mysql:dbname=thinkphp5;host=127.0.0.1;charset=utf8
[ sql ] [ SQL ] SHOW COLUMNS FROM `tinywan_alipay` [ RunTime:0.001176s ]
[ sql ] [ SQL ] SELECT * FROM `tinywan_alipay` WHERE  `id` = 3 LIMIT 1 [ RunTime:0.000441s ]
---------------------------------------------------------------
[ 2017-07-09T17:40:07+08:00 ] 127.0.0.1 127.0.0.1 GET /frontend/ali_pay/show.html?id=3
[ info ] test.thinkphp5-line.com/frontend/ali_pay/show.html?id=3 [运行时间：0.040134s][吞吐率：24.92req/s] [内存消耗：3,629.30kb] [文件加载：65]
[ info ] [ LANG ] D:\wamp64\www\thinkphp5-study-line\thinkphp\lang\zh-cn.php
[ info ] [ ROUTE ] array (
  'type' => 'module',
  'module' => 
  array (
    0 => 'frontend',
    1 => 'ali_pay',
    2 => 'show',
  ),
)
[ info ] [ HEADER ] array (
  'host' => 'test.thinkphp5-line.com',
  'user-agent' => 'Mozilla/5.0 (Windows NT 10.0; Win64; x64) AppleWebKit/537.36 (KHTML, like Gecko) Chrome/59.0.3071.115 Safari/537.36',
  'accept' => 'text/html,application/xhtml+xml,application/xml;q=0.9,image/webp,image/apng,*/*;q=0.8',
  'accept-encoding' => 'gzip, deflate',
  'accept-language' => 'zh-CN,zh;q=0.8,en-GB;q=0.6,en;q=0.4',
  'cache-control' => 'max-age=0',
  'cookie' => 'PHPSESSID=u8cqtsgr0oo9oat39453unk6r0',
  'proxy-connection' => 'keep-alive',
  'socketlog' => 'SocketLog(tabid=110&client_id=slog_b57a16)',
  'upgrade-insecure-requests' => '1',
)
[ info ] [ PARAM ] array (
  'id' => '3',
)
[ info ] [ RUN ] app\frontend\controller\AliPay->show[ D:\wamp64\www\thinkphp5-study-line\application\frontend\controller\AliPay.php ]
[ info ] [ DB ] INIT mysql
[ info ] [ VIEW ] D:\wamp64\www\thinkphp5-study-line\public/../application/frontend\view\ali_pay\index.html [ array (
  0 => 'info',
) ]
[ info ] [ LOG ] INIT File
[ sql ] [ DB ] CONNECT:[ UseTime:0.000837s ] mysql:dbname=thinkphp5;host=127.0.0.1;charset=utf8
[ sql ] [ SQL ] SHOW COLUMNS FROM `tinywan_alipay` [ RunTime:0.000613s ]
[ sql ] [ SQL ] SELECT * FROM `tinywan_alipay` WHERE  `id` = 3 LIMIT 1 [ RunTime:0.000291s ]
---------------------------------------------------------------
[ 2017-07-09T17:40:10+08:00 ] 127.0.0.1 127.0.0.1 GET /frontend/ali_pay/show.html?id=2
[ info ] test.thinkphp5-line.com/frontend/ali_pay/show.html?id=2 [运行时间：0.045514s][吞吐率：21.97req/s] [内存消耗：3,629.09kb] [文件加载：65]
[ info ] [ LANG ] D:\wamp64\www\thinkphp5-study-line\thinkphp\lang\zh-cn.php
[ info ] [ ROUTE ] array (
  'type' => 'module',
  'module' => 
  array (
    0 => 'frontend',
    1 => 'ali_pay',
    2 => 'show',
  ),
)
[ info ] [ HEADER ] array (
  'host' => 'test.thinkphp5-line.com',
  'user-agent' => 'Mozilla/5.0 (Windows NT 10.0; Win64; x64) AppleWebKit/537.36 (KHTML, like Gecko) Chrome/59.0.3071.115 Safari/537.36',
  'accept' => 'text/html,application/xhtml+xml,application/xml;q=0.9,image/webp,image/apng,*/*;q=0.8',
  'accept-encoding' => 'gzip, deflate',
  'accept-language' => 'zh-CN,zh;q=0.8,en-GB;q=0.6,en;q=0.4',
  'cookie' => 'PHPSESSID=u8cqtsgr0oo9oat39453unk6r0',
  'proxy-connection' => 'keep-alive',
  'socketlog' => 'SocketLog(tabid=110&client_id=slog_b57a16)',
  'upgrade-insecure-requests' => '1',
)
[ info ] [ PARAM ] array (
  'id' => '2',
)
[ info ] [ RUN ] app\frontend\controller\AliPay->show[ D:\wamp64\www\thinkphp5-study-line\application\frontend\controller\AliPay.php ]
[ info ] [ DB ] INIT mysql
[ info ] [ VIEW ] D:\wamp64\www\thinkphp5-study-line\public/../application/frontend\view\ali_pay\index.html [ array (
  0 => 'info',
) ]
[ info ] [ LOG ] INIT File
[ sql ] [ DB ] CONNECT:[ UseTime:0.010620s ] mysql:dbname=thinkphp5;host=127.0.0.1;charset=utf8
[ sql ] [ SQL ] SHOW COLUMNS FROM `tinywan_alipay` [ RunTime:0.000795s ]
[ sql ] [ SQL ] SELECT * FROM `tinywan_alipay` WHERE  `id` = 2 LIMIT 1 [ RunTime:0.000402s ]
---------------------------------------------------------------
[ 2017-07-09T17:42:16+08:00 ] 127.0.0.1 127.0.0.1 GET /frontend/ali_pay/show.html?id=2
[ info ] test.thinkphp5-line.com/frontend/ali_pay/show.html?id=2 [运行时间：0.055874s][吞吐率：17.90req/s] [内存消耗：3,818.34kb] [文件加载：67]
[ info ] [ LANG ] D:\wamp64\www\thinkphp5-study-line\thinkphp\lang\zh-cn.php
[ info ] [ ROUTE ] array (
  'type' => 'module',
  'module' => 
  array (
    0 => 'frontend',
    1 => 'ali_pay',
    2 => 'show',
  ),
)
[ info ] [ HEADER ] array (
  'host' => 'test.thinkphp5-line.com',
  'user-agent' => 'Mozilla/5.0 (Windows NT 10.0; Win64; x64) AppleWebKit/537.36 (KHTML, like Gecko) Chrome/59.0.3071.115 Safari/537.36',
  'accept' => 'text/html,application/xhtml+xml,application/xml;q=0.9,image/webp,image/apng,*/*;q=0.8',
  'accept-encoding' => 'gzip, deflate',
  'accept-language' => 'zh-CN,zh;q=0.8,en-GB;q=0.6,en;q=0.4',
  'cache-control' => 'max-age=0',
  'cookie' => 'PHPSESSID=u8cqtsgr0oo9oat39453unk6r0',
  'proxy-connection' => 'keep-alive',
  'socketlog' => 'SocketLog(tabid=110&client_id=slog_b57a16)',
  'upgrade-insecure-requests' => '1',
  'x-lantern-version' => '3.7.3',
)
[ info ] [ PARAM ] array (
  'id' => '2',
)
[ info ] [ RUN ] app\frontend\controller\AliPay->show[ D:\wamp64\www\thinkphp5-study-line\application\frontend\controller\AliPay.php ]
[ info ] [ DB ] INIT mysql
[ info ] [ VIEW ] D:\wamp64\www\thinkphp5-study-line\public/../application/frontend\view\ali_pay\index.html [ array (
  0 => 'info',
) ]
[ info ] [ LOG ] INIT File
[ sql ] [ DB ] CONNECT:[ UseTime:0.001068s ] mysql:dbname=thinkphp5;host=127.0.0.1;charset=utf8
[ sql ] [ SQL ] SHOW COLUMNS FROM `tinywan_alipay` [ RunTime:0.000806s ]
[ sql ] [ SQL ] SELECT * FROM `tinywan_alipay` WHERE  `id` = 2 LIMIT 1 [ RunTime:0.000515s ]
---------------------------------------------------------------
[ 2017-07-09T17:42:23+08:00 ] 127.0.0.1 127.0.0.1 GET /frontend/ali_pay/show.html?id=2
[ info ] test.thinkphp5-line.com/frontend/ali_pay/show.html?id=2 [运行时间：0.070658s][吞吐率：14.15req/s] [内存消耗：3,818.01kb] [文件加载：67]
[ info ] [ LANG ] D:\wamp64\www\thinkphp5-study-line\thinkphp\lang\zh-cn.php
[ info ] [ ROUTE ] array (
  'type' => 'module',
  'module' => 
  array (
    0 => 'frontend',
    1 => 'ali_pay',
    2 => 'show',
  ),
)
[ info ] [ HEADER ] array (
  'host' => 'test.thinkphp5-line.com',
  'user-agent' => 'Mozilla/5.0 (Windows NT 10.0; Win64; x64) AppleWebKit/537.36 (KHTML, like Gecko) Chrome/59.0.3071.115 Safari/537.36',
  'accept' => 'text/html,application/xhtml+xml,application/xml;q=0.9,image/webp,image/apng,*/*;q=0.8',
  'accept-encoding' => 'gzip, deflate',
  'accept-language' => 'zh-CN,zh;q=0.8,en-GB;q=0.6,en;q=0.4',
  'cache-control' => 'max-age=0',
  'cookie' => 'PHPSESSID=u8cqtsgr0oo9oat39453unk6r0',
  'proxy-connection' => 'keep-alive',
  'socketlog' => 'SocketLog(tabid=110&client_id=slog_b57a16)',
  'upgrade-insecure-requests' => '1',
)
[ info ] [ PARAM ] array (
  'id' => '2',
)
[ info ] [ RUN ] app\frontend\controller\AliPay->show[ D:\wamp64\www\thinkphp5-study-line\application\frontend\controller\AliPay.php ]
[ info ] [ DB ] INIT mysql
[ info ] [ VIEW ] D:\wamp64\www\thinkphp5-study-line\public/../application/frontend\view\ali_pay\index.html [ array (
  0 => 'info',
) ]
[ info ] [ LOG ] INIT File
[ sql ] [ DB ] CONNECT:[ UseTime:0.011229s ] mysql:dbname=thinkphp5;host=127.0.0.1;charset=utf8
[ sql ] [ SQL ] SHOW COLUMNS FROM `tinywan_alipay` [ RunTime:0.001028s ]
[ sql ] [ SQL ] SELECT * FROM `tinywan_alipay` WHERE  `id` = 2 LIMIT 1 [ RunTime:0.000345s ]
---------------------------------------------------------------
[ 2017-07-09T17:42:36+08:00 ] 127.0.0.1 127.0.0.1 GET /backend/category/index.html
[ info ] test.thinkphp5-line.com/backend/category/index.html [运行时间：0.133391s][吞吐率：7.50req/s] [内存消耗：4,453.63kb] [文件加载：72]
[ info ] [ LANG ] D:\wamp64\www\thinkphp5-study-line\thinkphp\lang\zh-cn.php
[ info ] [ ROUTE ] array (
  'type' => 'module',
  'module' => 
  array (
    0 => 'backend',
    1 => 'category',
    2 => 'index',
  ),
)
[ info ] [ HEADER ] array (
  'host' => 'test.thinkphp5-line.com',
  'user-agent' => 'Mozilla/5.0 (Windows NT 10.0; Win64; x64) AppleWebKit/537.36 (KHTML, like Gecko) Chrome/59.0.3071.115 Safari/537.36',
  'accept' => 'text/html,application/xhtml+xml,application/xml;q=0.9,image/webp,image/apng,*/*;q=0.8',
  'accept-encoding' => 'gzip, deflate',
  'accept-language' => 'zh-CN,zh;q=0.8,en-GB;q=0.6,en;q=0.4',
  'cache-control' => 'max-age=0',
  'cookie' => 'PHPSESSID=u8cqtsgr0oo9oat39453unk6r0',
  'proxy-connection' => 'keep-alive',
  'referer' => 'http://test.thinkphp5-line.com/backend/entry/index.html',
  'socketlog' => 'SocketLog(tabid=2&client_id=slog_b57a16)',
  'upgrade-insecure-requests' => '1',
)
[ info ] [ PARAM ] array (
)
[ info ] [ DB ] INIT mysql
[ info ] [ SESSION ] INIT array (
  'id' => '',
  'var_session_id' => '',
  'prefix' => 'think',
  'type' => '',
  'auto_start' => true,
  'httponly' => true,
  'secure' => false,
)
[ info ] [ RUN ] app\backend\controller\Category->index[ D:\wamp64\www\thinkphp5-study-line\application\backend\controller\Category.php ]
[ info ] [ VIEW ] D:\wamp64\www\thinkphp5-study-line\public/../application/backend\view\category\index.html [ array (
  0 => 'sub_title',
  1 => 'categorys',
) ]
[ info ] [ LOG ] INIT File
[ sql ] [ DB ] CONNECT:[ UseTime:0.010290s ] mysql:dbname=thinkphp5;host=127.0.0.1;charset=utf8
[ sql ] [ SQL ] SHOW COLUMNS FROM `tinywan_category` [ RunTime:0.000657s ]
[ sql ] [ SQL ] SELECT * FROM `tinywan_category` ORDER BY id desc [ RunTime:0.000275s ]
---------------------------------------------------------------
[ 2017-07-09T17:42:38+08:00 ] 127.0.0.1 127.0.0.1 GET /frontend/ali_pay/show/id/3.html
[ info ] test.thinkphp5-line.com/frontend/ali_pay/show/id/3.html [运行时间：0.038834s][吞吐率：25.75req/s] [内存消耗：3,630.00kb] [文件加载：65]
[ info ] [ LANG ] D:\wamp64\www\thinkphp5-study-line\thinkphp\lang\zh-cn.php
[ info ] [ ROUTE ] array (
  'type' => 'module',
  'module' => 
  array (
    0 => 'frontend',
    1 => 'ali_pay',
    2 => 'show',
  ),
)
[ info ] [ HEADER ] array (
  'host' => 'test.thinkphp5-line.com',
  'user-agent' => 'Mozilla/5.0 (Windows NT 10.0; Win64; x64) AppleWebKit/537.36 (KHTML, like Gecko) Chrome/59.0.3071.115 Safari/537.36',
  'accept' => 'text/html,application/xhtml+xml,application/xml;q=0.9,image/webp,image/apng,*/*;q=0.8',
  'accept-encoding' => 'gzip, deflate',
  'accept-language' => 'zh-CN,zh;q=0.8,en-GB;q=0.6,en;q=0.4',
  'cookie' => 'PHPSESSID=u8cqtsgr0oo9oat39453unk6r0',
  'proxy-connection' => 'keep-alive',
  'referer' => 'http://test.thinkphp5-line.com/backend/category/index.html',
  'socketlog' => 'SocketLog(tabid=114&client_id=slog_b57a16)',
  'upgrade-insecure-requests' => '1',
)
[ info ] [ PARAM ] array (
  'id' => '3',
)
[ info ] [ RUN ] app\frontend\controller\AliPay->show[ D:\wamp64\www\thinkphp5-study-line\application\frontend\controller\AliPay.php ]
[ info ] [ DB ] INIT mysql
[ info ] [ VIEW ] D:\wamp64\www\thinkphp5-study-line\public/../application/frontend\view\ali_pay\index.html [ array (
  0 => 'info',
) ]
[ info ] [ LOG ] INIT File
[ sql ] [ DB ] CONNECT:[ UseTime:0.000803s ] mysql:dbname=thinkphp5;host=127.0.0.1;charset=utf8
[ sql ] [ SQL ] SHOW COLUMNS FROM `tinywan_alipay` [ RunTime:0.001150s ]
[ sql ] [ SQL ] SELECT * FROM `tinywan_alipay` WHERE  `id` = 3 LIMIT 1 [ RunTime:0.000449s ]
---------------------------------------------------------------
[ 2017-07-09T17:42:57+08:00 ] 127.0.0.1 127.0.0.1 GET /backend/category/index.html
[ info ] test.thinkphp5-line.com/backend/category/index.html [运行时间：0.045696s][吞吐率：21.88req/s] [内存消耗：4,135.80kb] [文件加载：70]
[ info ] [ LANG ] D:\wamp64\www\thinkphp5-study-line\thinkphp\lang\zh-cn.php
[ info ] [ ROUTE ] array (
  'type' => 'module',
  'module' => 
  array (
    0 => 'backend',
    1 => 'category',
    2 => 'index',
  ),
)
[ info ] [ HEADER ] array (
  'host' => 'test.thinkphp5-line.com',
  'user-agent' => 'Mozilla/5.0 (Windows NT 10.0; Win64; x64) AppleWebKit/537.36 (KHTML, like Gecko) Chrome/59.0.3071.115 Safari/537.36',
  'accept' => 'text/html,application/xhtml+xml,application/xml;q=0.9,image/webp,image/apng,*/*;q=0.8',
  'accept-encoding' => 'gzip, deflate',
  'accept-language' => 'zh-CN,zh;q=0.8,en-GB;q=0.6,en;q=0.4',
  'cookie' => 'PHPSESSID=u8cqtsgr0oo9oat39453unk6r0',
  'proxy-connection' => 'keep-alive',
  'referer' => 'http://test.thinkphp5-line.com/backend/category/index.html',
  'socketlog' => 'SocketLog(tabid=2&client_id=slog_b57a16)',
  'upgrade-insecure-requests' => '1',
)
[ info ] [ PARAM ] array (
)
[ info ] [ DB ] INIT mysql
[ info ] [ SESSION ] INIT array (
  'id' => '',
  'var_session_id' => '',
  'prefix' => 'think',
  'type' => '',
  'auto_start' => true,
  'httponly' => true,
  'secure' => false,
)
[ info ] [ RUN ] app\backend\controller\Category->index[ D:\wamp64\www\thinkphp5-study-line\application\backend\controller\Category.php ]
[ info ] [ VIEW ] D:\wamp64\www\thinkphp5-study-line\public/../application/backend\view\category\index.html [ array (
  0 => 'sub_title',
  1 => 'categorys',
) ]
[ info ] [ LOG ] INIT File
[ sql ] [ DB ] CONNECT:[ UseTime:0.000798s ] mysql:dbname=thinkphp5;host=127.0.0.1;charset=utf8
[ sql ] [ SQL ] SHOW COLUMNS FROM `tinywan_category` [ RunTime:0.000886s ]
[ sql ] [ SQL ] SELECT * FROM `tinywan_category` ORDER BY id desc [ RunTime:0.000395s ]
---------------------------------------------------------------
[ 2017-07-09T17:43:00+08:00 ] 127.0.0.1 127.0.0.1 GET /backend/category/index.html
[ info ] test.thinkphp5-line.com/backend/category/index.html [运行时间：0.056521s][吞吐率：17.69req/s] [内存消耗：4,135.80kb] [文件加载：70]
[ info ] [ LANG ] D:\wamp64\www\thinkphp5-study-line\thinkphp\lang\zh-cn.php
[ info ] [ ROUTE ] array (
  'type' => 'module',
  'module' => 
  array (
    0 => 'backend',
    1 => 'category',
    2 => 'index',
  ),
)
[ info ] [ HEADER ] array (
  'host' => 'test.thinkphp5-line.com',
  'user-agent' => 'Mozilla/5.0 (Windows NT 10.0; Win64; x64) AppleWebKit/537.36 (KHTML, like Gecko) Chrome/59.0.3071.115 Safari/537.36',
  'accept' => 'text/html,application/xhtml+xml,application/xml;q=0.9,image/webp,image/apng,*/*;q=0.8',
  'accept-encoding' => 'gzip, deflate',
  'accept-language' => 'zh-CN,zh;q=0.8,en-GB;q=0.6,en;q=0.4',
  'cookie' => 'PHPSESSID=u8cqtsgr0oo9oat39453unk6r0',
  'proxy-connection' => 'keep-alive',
  'referer' => 'http://test.thinkphp5-line.com/backend/category/index.html',
  'socketlog' => 'SocketLog(tabid=2&client_id=slog_b57a16)',
  'upgrade-insecure-requests' => '1',
)
[ info ] [ PARAM ] array (
)
[ info ] [ DB ] INIT mysql
[ info ] [ SESSION ] INIT array (
  'id' => '',
  'var_session_id' => '',
  'prefix' => 'think',
  'type' => '',
  'auto_start' => true,
  'httponly' => true,
  'secure' => false,
)
[ info ] [ RUN ] app\backend\controller\Category->index[ D:\wamp64\www\thinkphp5-study-line\application\backend\controller\Category.php ]
[ info ] [ VIEW ] D:\wamp64\www\thinkphp5-study-line\public/../application/backend\view\category\index.html [ array (
  0 => 'sub_title',
  1 => 'categorys',
) ]
[ info ] [ LOG ] INIT File
[ sql ] [ DB ] CONNECT:[ UseTime:0.010710s ] mysql:dbname=thinkphp5;host=127.0.0.1;charset=utf8
[ sql ] [ SQL ] SHOW COLUMNS FROM `tinywan_category` [ RunTime:0.000929s ]
[ sql ] [ SQL ] SELECT * FROM `tinywan_category` ORDER BY id desc [ RunTime:0.000470s ]
---------------------------------------------------------------
[ 2017-07-09T17:43:02+08:00 ] 127.0.0.1 127.0.0.1 GET /frontend/ali_pay/show/id/3.html
[ info ] test.thinkphp5-line.com/frontend/ali_pay/show/id/3.html [运行时间：0.046274s][吞吐率：21.61req/s] [内存消耗：3,630.00kb] [文件加载：65]
[ info ] [ LANG ] D:\wamp64\www\thinkphp5-study-line\thinkphp\lang\zh-cn.php
[ info ] [ ROUTE ] array (
  'type' => 'module',
  'module' => 
  array (
    0 => 'frontend',
    1 => 'ali_pay',
    2 => 'show',
  ),
)
[ info ] [ HEADER ] array (
  'host' => 'test.thinkphp5-line.com',
  'user-agent' => 'Mozilla/5.0 (Windows NT 10.0; Win64; x64) AppleWebKit/537.36 (KHTML, like Gecko) Chrome/59.0.3071.115 Safari/537.36',
  'accept' => 'text/html,application/xhtml+xml,application/xml;q=0.9,image/webp,image/apng,*/*;q=0.8',
  'accept-encoding' => 'gzip, deflate',
  'accept-language' => 'zh-CN,zh;q=0.8,en-GB;q=0.6,en;q=0.4',
  'cookie' => 'PHPSESSID=u8cqtsgr0oo9oat39453unk6r0',
  'proxy-connection' => 'keep-alive',
  'referer' => 'http://test.thinkphp5-line.com/backend/category/index.html',
  'socketlog' => 'SocketLog(tabid=118&client_id=slog_b57a16)',
  'upgrade-insecure-requests' => '1',
)
[ info ] [ PARAM ] array (
  'id' => '3',
)
[ info ] [ RUN ] app\frontend\controller\AliPay->show[ D:\wamp64\www\thinkphp5-study-line\application\frontend\controller\AliPay.php ]
[ info ] [ DB ] INIT mysql
[ info ] [ VIEW ] D:\wamp64\www\thinkphp5-study-line\public/../application/frontend\view\ali_pay\index.html [ array (
  0 => 'info',
) ]
[ info ] [ LOG ] INIT File
[ sql ] [ DB ] CONNECT:[ UseTime:0.010950s ] mysql:dbname=thinkphp5;host=127.0.0.1;charset=utf8
[ sql ] [ SQL ] SHOW COLUMNS FROM `tinywan_alipay` [ RunTime:0.000829s ]
[ sql ] [ SQL ] SELECT * FROM `tinywan_alipay` WHERE  `id` = 3 LIMIT 1 [ RunTime:0.000442s ]
---------------------------------------------------------------
[ 2017-07-09T17:43:05+08:00 ] 127.0.0.1 127.0.0.1 POST /frontend/AliPay/payto.html
[ info ] test.thinkphp5-line.com/frontend/AliPay/payto.html [运行时间：0.025598s][吞吐率：39.07req/s] [内存消耗：2,542.14kb] [文件加载：57]
[ info ] [ LANG ] D:\wamp64\www\thinkphp5-study-line\thinkphp\lang\zh-cn.php
[ info ] [ ROUTE ] array (
  'type' => 'module',
  'module' => 
  array (
    0 => 'frontend',
    1 => 'AliPay',
    2 => 'payto',
  ),
)
[ info ] [ HEADER ] array (
  'host' => 'test.thinkphp5-line.com',
  'user-agent' => 'Mozilla/5.0 (Windows NT 10.0; Win64; x64) AppleWebKit/537.36 (KHTML, like Gecko) Chrome/59.0.3071.115 Safari/537.36',
  'content-length' => '68',
  'accept' => 'application/json, text/javascript, */*; q=0.01',
  'accept-encoding' => 'gzip, deflate',
  'accept-language' => 'zh-CN,zh;q=0.8,en-GB;q=0.6,en;q=0.4',
  'content-type' => 'application/x-www-form-urlencoded; charset=UTF-8',
  'cookie' => 'PHPSESSID=u8cqtsgr0oo9oat39453unk6r0',
  'origin' => 'http://test.thinkphp5-line.com',
  'proxy-connection' => 'keep-alive',
  'referer' => 'http://test.thinkphp5-line.com/frontend/ali_pay/show/id/3.html',
  'socketlog' => 'SocketLog(tabid=118&client_id=slog_b57a16)',
  'x-requested-with' => 'XMLHttpRequest',
)
[ info ] [ PARAM ] array (
  'subject' => 'iPhone 8 Plus',
  'out_trade_no' => 'CS4006992500031231',
  'total_fee' => '0.01',
)
[ info ] [ RUN ] app\frontend\controller\AliPay->payTo[ D:\wamp64\www\thinkphp5-study-line\application\frontend\controller\AliPay.php ]
[ info ] [ LOG ] INIT File
